0 info it worked if it ends with ok
1 verbose cli [ 'C:\\dev\\nodejs\\node.exe',
1 verbose cli   'C:\\dev\\nodejs\\node_modules\\npm\\bin\\npm-cli.js',
1 verbose cli   'run',
1 verbose cli   'build' ]
2 info using npm@3.10.3
3 info using node@v6.4.0
4 verbose run-script [ 'prebuild', 'build', 'postbuild' ]
5 info lifecycle vue-router-keep@0.0.1~prebuild: vue-router-keep@0.0.1
6 silly lifecycle vue-router-keep@0.0.1~prebuild: no script for prebuild, continuing
7 info lifecycle vue-router-keep@0.0.1~build: vue-router-keep@0.0.1
8 verbose lifecycle vue-router-keep@0.0.1~build: unsafe-perm in lifecycle true
9 verbose lifecycle vue-router-keep@0.0.1~build: PATH: C:\dev\nvm\v6.4.0\node_modules\npm\bin\node-gyp-bin;D:\kallsave\vue-router-keep\node_modules\.bin;C:\dev\nodejs;C:\Users\zuoyao.chen\bin;D:\Program Files\Git\mingw64\bin;D:\Program Files\Git\usr\local\bin;D:\Program Files\Git\usr\bin;D:\Program Files\Git\usr\bin;D:\Program Files\Git\mingw64\bin;D:\Program Files\Git\usr\bin;C:\Users\zuoyao.chen\bin;C:\Windows\system32;C:\Windows;C:\Windows\System32\Wbem;C:\Windows\System32\WindowsPowerShell\v1.0;C:\Program Files (x86)\Microsoft VS Code\bin;D:\Program Files\Git\cmd;C:\Go\bin;D:\Program Files\putty;C:\WINDOWS\system32;C:\WINDOWS;C:\WINDOWS\System32\Wbem;C:\WINDOWS\System32\WindowsPowerShell\v1.0;C:\WINDOWS\System32\OpenSSH;%MONGODB_PATH%;C:\Program Files\MongoDB\Server\3.6\bin;C:\Users\zuoyao.chen\scoop\shims;C:\dev\nvm;C:\dev\nodejs;C:\Users\zuoyao.chen\AppData\Local\Programs\Microsoft VS Code\bin;C:\Users\zuoyao.chen\go\bin;C:\Users\zuoyao.chen\AppData\Local\Microsoft\WindowsApps;D:\Java\jdk-9.0.4\bin;D:\Program Files\Git\usr\bin\vendor_perl;D:\Program Files\Git\usr\bin\core_perl
10 verbose lifecycle vue-router-keep@0.0.1~build: CWD: D:\kallsave\vue-router-keep
11 silly lifecycle vue-router-keep@0.0.1~build: Args: [ '/d /s /c',
11 silly lifecycle   'cross-env NODE_ENV=production node scripts/build.js' ]
12 silly lifecycle vue-router-keep@0.0.1~build: Returned: code: 1  signal: null
13 info lifecycle vue-router-keep@0.0.1~build: Failed to exec build script
14 verbose stack Error: vue-router-keep@0.0.1 build: `cross-env NODE_ENV=production node scripts/build.js`
14 verbose stack Exit status 1
14 verbose stack     at EventEmitter.<anonymous> (C:\dev\nvm\v6.4.0\node_modules\npm\lib\utils\lifecycle.js:242:16)
14 verbose stack     at emitTwo (events.js:106:13)
14 verbose stack     at EventEmitter.emit (events.js:191:7)
14 verbose stack     at ChildProcess.<anonymous> (C:\dev\nvm\v6.4.0\node_modules\npm\lib\utils\spawn.js:40:14)
14 verbose stack     at emitTwo (events.js:106:13)
14 verbose stack     at ChildProcess.emit (events.js:191:7)
14 verbose stack     at maybeClose (internal/child_process.js:852:16)
14 verbose stack     at Process.ChildProcess._handle.onexit (internal/child_process.js:215:5)
15 verbose pkgid vue-router-keep@0.0.1
16 verbose cwd D:\kallsave\vue-router-keep
17 error Windows_NT 10.0.18362
18 error argv "C:\\dev\\nodejs\\node.exe" "C:\\dev\\nodejs\\node_modules\\npm\\bin\\npm-cli.js" "run" "build"
19 error node v6.4.0
20 error npm  v3.10.3
21 error code ELIFECYCLE
22 error vue-router-keep@0.0.1 build: `cross-env NODE_ENV=production node scripts/build.js`
22 error Exit status 1
23 error Failed at the vue-router-keep@0.0.1 build script 'cross-env NODE_ENV=production node scripts/build.js'.
23 error Make sure you have the latest version of node.js and npm installed.
23 error If you do, this is most likely a problem with the vue-router-keep package,
23 error not with npm itself.
23 error Tell the author that this fails on your system:
23 error     cross-env NODE_ENV=production node scripts/build.js
23 error You can get information on how to open an issue for this project with:
23 error     npm bugs vue-router-keep
23 error Or if that isn't available, you can get their info via:
23 error     npm owner ls vue-router-keep
23 error There is likely additional logging output above.
24 verbose exit [ 1, true ]
