[0221/214644:ERROR:process_reader_win.cc(142)] SuspendThread: 拒绝访问。 (0x5)
[0221/214644:ERROR:process_reader_win.cc(142)] SuspendThread: 拒绝访问。 (0x5)
[0221/214644:ERROR:process_reader_win.cc(142)] SuspendThread: 拒绝访问。 (0x5)
[0221/214644:ERROR:process_reader_win.cc(233)] ReadMemory at 0x8f7000 of 36864 bytes failed: 仅完成部分的 ReadProcessMemory 或 WriteProcessMemory 请求。 (0x12B)
[0221/214644:ERROR:crash_report_exception_handler.cc(98)] WriteEverything failed
[0221/214644:ERROR:scoped_process_suspend.cc(38)] NtResumeProcess: 已尝试访问正在退出的过程。  (0xc000010a)
[0221/215434:ERROR:process_reader_win.cc(142)] SuspendThread: 拒绝访问。 (0x5)
[0221/215434:ERROR:process_reader_win.cc(142)] SuspendThread: 拒绝访问。 (0x5)
[0222/002225:ERROR:process_reader_win.cc(142)] SuspendThread: 拒绝访问。 (0x5)
[0222/002225:ERROR:process_reader_win.cc(142)] SuspendThread: 拒绝访问。 (0x5)
[0222/002225:ERROR:process_reader_win.cc(142)] SuspendThread: 拒绝访问。 (0x5)
[0222/002225:ERROR:process_reader_win.cc(142)] SuspendThread: 拒绝访问。 (0x5)
[0222/002225:ERROR:process_reader_win.cc(142)] SuspendThread: 拒绝访问。 (0x5)
[0222/002225:ERROR:process_reader_win.cc(142)] SuspendThread: 拒绝访问。 (0x5)
[0222/002225:ERROR:process_reader_win.cc(142)] SuspendThread: 拒绝访问。 (0x5)
[0222/002225:ERROR:process_reader_win.cc(114)] NtOpenThread: 指定无效的客户端 ID。  (0xc000000b)
[0222/002225:ERROR:process_reader_win.cc(114)] NtOpenThread: 指定无效的客户端 ID。  (0xc000000b)
[0222/002538:ERROR:process_reader_win.cc(142)] SuspendThread: 拒绝访问。 (0x5)
[0222/002538:ERROR:process_reader_win.cc(142)] SuspendThread: 拒绝访问。 (0x5)
[0222/002538:ERROR:process_reader_win.cc(142)] SuspendThread: 拒绝访问。 (0x5)
[0222/002538:ERROR:process_reader_win.cc(142)] SuspendThread: 拒绝访问。 (0x5)
[0222/002538:ERROR:exception_snapshot_win.cc(87)] thread ID 44360 not found in process
[0222/002538:WARNING:crash_report_exception_handler.cc(56)] ProcessSnapshotWin::Initialize failed
[0222/002538:ERROR:scoped_process_suspend.cc(38)] NtResumeProcess: 已尝试访问正在退出的过程。  (0xc000010a)
[0222/002538:ERROR:process_reader_win.cc(233)] ReadMemory at 0x7575ac70 of 512 bytes failed: 仅完成部分的 ReadProcessMemory 或 WriteProcessMemory 请求。 (0x12B)
[0222/002538:ERROR:crash_report_exception_handler.cc(98)] WriteEverything failed
[0222/002538:ERROR:scoped_process_suspend.cc(38)] NtResumeProcess: 已尝试访问正在退出的过程。  (0xc000010a)
[0222/011543:ERROR:process_reader_win.cc(142)] SuspendThread: 拒绝访问。 (0x5)
[0222/011543:ERROR:process_reader_win.cc(142)] SuspendThread: 拒绝访问。 (0x5)
[0222/123205:ERROR:process_reader_win.cc(142)] SuspendThread: 拒绝访问。 (0x5)
[0222/123205:ERROR:process_reader_win.cc(142)] SuspendThread: 拒绝访问。 (0x5)
[0222/123205:ERROR:process_reader_win.cc(142)] SuspendThread: 拒绝访问。 (0x5)
[0222/123205:ERROR:process_reader_win.cc(142)] SuspendThread: 拒绝访问。 (0x5)
[0222/123205:ERROR:process_reader_win.cc(142)] SuspendThread: 拒绝访问。 (0x5)
[0222/155006:ERROR:scoped_process_suspend.cc(38)] NtResumeProcess: 已尝试访问正在退出的过程。  (0xc000010a)
[0222/164244:ERROR:scoped_process_suspend.cc(38)] NtResumeProcess: 已尝试访问正在退出的过程。  (0xc000010a)
[0222/225837:ERROR:process_reader_win.cc(142)] SuspendThread: 拒绝访问。 (0x5)
[0222/225837:ERROR:process_reader_win.cc(142)] SuspendThread: 拒绝访问。 (0x5)
[0222/225837:ERROR:process_reader_win.cc(142)] SuspendThread: 拒绝访问。 (0x5)
