0 info it worked if it ends with ok
1 verbose cli [ 'C:\\Program Files\\nodejs\\node.exe',
1 verbose cli   'C:\\Program Files\\nodejs\\node_modules\\npm\\bin\\npm-cli.js',
1 verbose cli   'install',
1 verbose cli   'vue-loader',
1 verbose cli   '--save-dev' ]
2 info using npm@3.10.10
3 info using node@v6.9.4
4 silly loadCurrentTree Starting
5 silly install loadCurrentTree
6 silly install readLocalPackageData
7 silly fetchPackageMetaData vue-loader
8 silly fetchNamedPackageData vue-loader
9 silly mapToRegistry name vue-loader
10 silly mapToRegistry using default registry
11 silly mapToRegistry registry https://registry.npmjs.org/
12 silly mapToRegistry data Result {
12 silly mapToRegistry   raw: 'vue-loader',
12 silly mapToRegistry   scope: null,
12 silly mapToRegistry   escapedName: 'vue-loader',
12 silly mapToRegistry   name: 'vue-loader',
12 silly mapToRegistry   rawSpec: '',
12 silly mapToRegistry   spec: 'latest',
12 silly mapToRegistry   type: 'tag' }
13 silly mapToRegistry uri https://registry.npmjs.org/vue-loader
14 verbose request uri https://registry.npmjs.org/vue-loader
15 verbose request no auth needed
16 info attempt registry request try #1 at 14:26:40
17 verbose request id 6171b98320a97b88
18 http request GET https://registry.npmjs.org/vue-loader
19 http 200 https://registry.npmjs.org/vue-loader
20 verbose headers { server: 'nginx/1.10.1',
20 verbose headers   'content-type': 'application/json',
20 verbose headers   'last-modified': 'Thu, 27 Apr 2017 05:32:47 GMT',
20 verbose headers   etag: 'W/"5901827f-4a556"',
20 verbose headers   'content-encoding': 'gzip',
20 verbose headers   'cache-control': 'max-age=300',
20 verbose headers   'content-length': '19786',
20 verbose headers   'accept-ranges': 'bytes',
20 verbose headers   date: 'Sat, 29 Apr 2017 06:28:24 GMT',
20 verbose headers   via: '1.1 varnish',
20 verbose headers   age: '64',
20 verbose headers   connection: 'keep-alive',
20 verbose headers   'x-served-by': 'cache-nrt6126-NRT',
20 verbose headers   'x-cache': 'HIT',
20 verbose headers   'x-cache-hits': '1',
20 verbose headers   'x-timer': 'S1493447304.370858,VS0,VE0',
20 verbose headers   vary: 'Accept-Encoding' }
21 silly get cb [ 200,
21 silly get   { server: 'nginx/1.10.1',
21 silly get     'content-type': 'application/json',
21 silly get     'last-modified': 'Thu, 27 Apr 2017 05:32:47 GMT',
21 silly get     etag: 'W/"5901827f-4a556"',
21 silly get     'content-encoding': 'gzip',
21 silly get     'cache-control': 'max-age=300',
21 silly get     'content-length': '19786',
21 silly get     'accept-ranges': 'bytes',
21 silly get     date: 'Sat, 29 Apr 2017 06:28:24 GMT',
21 silly get     via: '1.1 varnish',
21 silly get     age: '64',
21 silly get     connection: 'keep-alive',
21 silly get     'x-served-by': 'cache-nrt6126-NRT',
21 silly get     'x-cache': 'HIT',
21 silly get     'x-cache-hits': '1',
21 silly get     'x-timer': 'S1493447304.370858,VS0,VE0',
21 silly get     vary: 'Accept-Encoding' } ]
22 verbose get saving vue-loader to C:\Users\Administrator\AppData\Roaming\npm-cache\registry.npmjs.org\vue-loader\.cache.json
23 verbose correctMkdir C:\Users\Administrator\AppData\Roaming\npm-cache correctMkdir not in flight; initializing
24 silly install normalizeTree
25 silly loadCurrentTree Finishing
26 silly loadIdealTree Starting
27 silly install loadIdealTree
28 silly cloneCurrentTree Starting
29 silly install cloneCurrentTreeToIdealTree
30 silly cloneCurrentTree Finishing
31 silly loadShrinkwrap Starting
32 silly install loadShrinkwrap
33 silly loadShrinkwrap Finishing
34 silly loadAllDepsIntoIdealTree Starting
35 silly install loadAllDepsIntoIdealTree
36 silly resolveWithNewModule vue-loader@12.0.2 checking installable status
37 silly cache add args [ 'vue-loader', null ]
38 verbose cache add spec vue-loader
39 silly cache add parsed spec Result {
39 silly cache add   raw: 'vue-loader',
39 silly cache add   scope: null,
39 silly cache add   escapedName: 'vue-loader',
39 silly cache add   name: 'vue-loader',
39 silly cache add   rawSpec: '',
39 silly cache add   spec: 'latest',
39 silly cache add   type: 'tag' }
40 silly addNamed vue-loader@latest
41 verbose addNamed "latest" is being treated as a dist-tag for vue-loader
42 info addNameTag [ 'vue-loader', 'latest' ]
43 silly mapToRegistry name vue-loader
44 silly mapToRegistry using default registry
45 silly mapToRegistry registry https://registry.npmjs.org/
46 silly mapToRegistry data Result {
46 silly mapToRegistry   raw: 'vue-loader',
46 silly mapToRegistry   scope: null,
46 silly mapToRegistry   escapedName: 'vue-loader',
46 silly mapToRegistry   name: 'vue-loader',
46 silly mapToRegistry   rawSpec: '',
46 silly mapToRegistry   spec: 'latest',
46 silly mapToRegistry   type: 'tag' }
47 silly mapToRegistry uri https://registry.npmjs.org/vue-loader
48 verbose addNameTag registry:https://registry.npmjs.org/vue-loader not in flight; fetching
49 verbose get https://registry.npmjs.org/vue-loader not expired, no request
50 silly addNameTag next cb for vue-loader with tag latest
51 silly addNamed vue-loader@12.0.2
52 verbose addNamed "12.0.2" is a plain semver version for vue-loader
53 silly mapToRegistry name vue-loader
54 silly mapToRegistry using default registry
55 silly mapToRegistry registry https://registry.npmjs.org/
56 silly mapToRegistry data Result {
56 silly mapToRegistry   raw: 'vue-loader',
56 silly mapToRegistry   scope: null,
56 silly mapToRegistry   escapedName: 'vue-loader',
56 silly mapToRegistry   name: 'vue-loader',
56 silly mapToRegistry   rawSpec: '',
56 silly mapToRegistry   spec: 'latest',
56 silly mapToRegistry   type: 'tag' }
57 silly mapToRegistry uri https://registry.npmjs.org/vue-loader
58 verbose addRemoteTarball https://registry.npmjs.org/vue-loader/-/vue-loader-12.0.2.tgz not in flight; adding
59 verbose addRemoteTarball [ 'https://registry.npmjs.org/vue-loader/-/vue-loader-12.0.2.tgz',
59 verbose addRemoteTarball   'f539036b1e0e9516b474a8fd1b5f533145248406' ]
60 info retry fetch attempt 1 at 14:26:42
61 info attempt registry request try #1 at 14:26:42
62 http fetch GET https://registry.npmjs.org/vue-loader/-/vue-loader-12.0.2.tgz
63 http fetch 200 https://registry.npmjs.org/vue-loader/-/vue-loader-12.0.2.tgz
64 silly fetchAndShaCheck shasum f539036b1e0e9516b474a8fd1b5f533145248406
65 verbose addTmpTarball C:\Users\ADMINI~1\AppData\Local\Temp\npm-7280-21f0f8ed\registry.npmjs.org\vue-loader\-\vue-loader-12.0.2.tgz not in flight; adding
66 verbose addTmpTarball already have metadata; skipping unpack for vue-loader@12.0.2
67 verbose correctMkdir C:\Users\Administrator\AppData\Roaming\npm-cache correctMkdir not in flight; initializing
68 silly cache afterAdd vue-loader@12.0.2
69 verbose afterAdd C:\Users\Administrator\AppData\Roaming\npm-cache\vue-loader\12.0.2\package\package.json not in flight; writing
70 verbose correctMkdir C:\Users\Administrator\AppData\Roaming\npm-cache correctMkdir not in flight; initializing
71 verbose afterAdd C:\Users\Administrator\AppData\Roaming\npm-cache\vue-loader\12.0.2\package\package.json written
72 silly fetchNamedPackageData consolidate
73 silly mapToRegistry name consolidate
74 silly mapToRegistry using default registry
75 silly mapToRegistry registry https://registry.npmjs.org/
76 silly mapToRegistry data Result {
76 silly mapToRegistry   raw: 'consolidate',
76 silly mapToRegistry   scope: null,
76 silly mapToRegistry   escapedName: 'consolidate',
76 silly mapToRegistry   name: 'consolidate',
76 silly mapToRegistry   rawSpec: '',
76 silly mapToRegistry   spec: 'latest',
76 silly mapToRegistry   type: 'tag' }
77 silly mapToRegistry uri https://registry.npmjs.org/consolidate
78 silly fetchNamedPackageData hash-sum
79 silly mapToRegistry name hash-sum
80 silly mapToRegistry using default registry
81 silly mapToRegistry registry https://registry.npmjs.org/
82 silly mapToRegistry data Result {
82 silly mapToRegistry   raw: 'hash-sum',
82 silly mapToRegistry   scope: null,
82 silly mapToRegistry   escapedName: 'hash-sum',
82 silly mapToRegistry   name: 'hash-sum',
82 silly mapToRegistry   rawSpec: '',
82 silly mapToRegistry   spec: 'latest',
82 silly mapToRegistry   type: 'tag' }
83 silly mapToRegistry uri https://registry.npmjs.org/hash-sum
84 silly fetchNamedPackageData js-beautify
85 silly mapToRegistry name js-beautify
86 silly mapToRegistry using default registry
87 silly mapToRegistry registry https://registry.npmjs.org/
88 silly mapToRegistry data Result {
88 silly mapToRegistry   raw: 'js-beautify',
88 silly mapToRegistry   scope: null,
88 silly mapToRegistry   escapedName: 'js-beautify',
88 silly mapToRegistry   name: 'js-beautify',
88 silly mapToRegistry   rawSpec: '',
88 silly mapToRegistry   spec: 'latest',
88 silly mapToRegistry   type: 'tag' }
89 silly mapToRegistry uri https://registry.npmjs.org/js-beautify
90 silly fetchNamedPackageData loader-utils
91 silly mapToRegistry name loader-utils
92 silly mapToRegistry using default registry
93 silly mapToRegistry registry https://registry.npmjs.org/
94 silly mapToRegistry data Result {
94 silly mapToRegistry   raw: 'loader-utils',
94 silly mapToRegistry   scope: null,
94 silly mapToRegistry   escapedName: 'loader-utils',
94 silly mapToRegistry   name: 'loader-utils',
94 silly mapToRegistry   rawSpec: '',
94 silly mapToRegistry   spec: 'latest',
94 silly mapToRegistry   type: 'tag' }
95 silly mapToRegistry uri https://registry.npmjs.org/loader-utils
96 silly fetchNamedPackageData lru-cache
97 silly mapToRegistry name lru-cache
98 silly mapToRegistry using default registry
99 silly mapToRegistry registry https://registry.npmjs.org/
100 silly mapToRegistry data Result {
100 silly mapToRegistry   raw: 'lru-cache',
100 silly mapToRegistry   scope: null,
100 silly mapToRegistry   escapedName: 'lru-cache',
100 silly mapToRegistry   name: 'lru-cache',
100 silly mapToRegistry   rawSpec: '',
100 silly mapToRegistry   spec: 'latest',
100 silly mapToRegistry   type: 'tag' }
101 silly mapToRegistry uri https://registry.npmjs.org/lru-cache
102 silly fetchNamedPackageData postcss-load-config
103 silly mapToRegistry name postcss-load-config
104 silly mapToRegistry using default registry
105 silly mapToRegistry registry https://registry.npmjs.org/
106 silly mapToRegistry data Result {
106 silly mapToRegistry   raw: 'postcss-load-config',
106 silly mapToRegistry   scope: null,
106 silly mapToRegistry   escapedName: 'postcss-load-config',
106 silly mapToRegistry   name: 'postcss-load-config',
106 silly mapToRegistry   rawSpec: '',
106 silly mapToRegistry   spec: 'latest',
106 silly mapToRegistry   type: 'tag' }
107 silly mapToRegistry uri https://registry.npmjs.org/postcss-load-config
108 silly fetchNamedPackageData vue-hot-reload-api
109 silly mapToRegistry name vue-hot-reload-api
110 silly mapToRegistry using default registry
111 silly mapToRegistry registry https://registry.npmjs.org/
112 silly mapToRegistry data Result {
112 silly mapToRegistry   raw: 'vue-hot-reload-api',
112 silly mapToRegistry   scope: null,
112 silly mapToRegistry   escapedName: 'vue-hot-reload-api',
112 silly mapToRegistry   name: 'vue-hot-reload-api',
112 silly mapToRegistry   rawSpec: '',
112 silly mapToRegistry   spec: 'latest',
112 silly mapToRegistry   type: 'tag' }
113 silly mapToRegistry uri https://registry.npmjs.org/vue-hot-reload-api
114 silly fetchNamedPackageData vue-style-loader
115 silly mapToRegistry name vue-style-loader
116 silly mapToRegistry using default registry
117 silly mapToRegistry registry https://registry.npmjs.org/
118 silly mapToRegistry data Result {
118 silly mapToRegistry   raw: 'vue-style-loader',
118 silly mapToRegistry   scope: null,
118 silly mapToRegistry   escapedName: 'vue-style-loader',
118 silly mapToRegistry   name: 'vue-style-loader',
118 silly mapToRegistry   rawSpec: '',
118 silly mapToRegistry   spec: 'latest',
118 silly mapToRegistry   type: 'tag' }
119 silly mapToRegistry uri https://registry.npmjs.org/vue-style-loader
120 silly fetchNamedPackageData vue-template-es2015-compiler
121 silly mapToRegistry name vue-template-es2015-compiler
122 silly mapToRegistry using default registry
123 silly mapToRegistry registry https://registry.npmjs.org/
124 silly mapToRegistry data Result {
124 silly mapToRegistry   raw: 'vue-template-es2015-compiler',
124 silly mapToRegistry   scope: null,
124 silly mapToRegistry   escapedName: 'vue-template-es2015-compiler',
124 silly mapToRegistry   name: 'vue-template-es2015-compiler',
124 silly mapToRegistry   rawSpec: '',
124 silly mapToRegistry   spec: 'latest',
124 silly mapToRegistry   type: 'tag' }
125 silly mapToRegistry uri https://registry.npmjs.org/vue-template-es2015-compiler
126 verbose request uri https://registry.npmjs.org/consolidate
127 verbose request no auth needed
128 info attempt registry request try #1 at 14:26:44
129 http request GET https://registry.npmjs.org/consolidate
130 verbose request uri https://registry.npmjs.org/hash-sum
131 verbose request no auth needed
132 info attempt registry request try #1 at 14:26:44
133 http request GET https://registry.npmjs.org/hash-sum
134 verbose request uri https://registry.npmjs.org/js-beautify
135 verbose request no auth needed
136 info attempt registry request try #1 at 14:26:44
137 http request GET https://registry.npmjs.org/js-beautify
138 verbose request uri https://registry.npmjs.org/vue-hot-reload-api
139 verbose request no auth needed
140 info attempt registry request try #1 at 14:26:44
141 http request GET https://registry.npmjs.org/vue-hot-reload-api
142 verbose request uri https://registry.npmjs.org/vue-style-loader
143 verbose request no auth needed
144 info attempt registry request try #1 at 14:26:44
145 http request GET https://registry.npmjs.org/vue-style-loader
146 verbose request uri https://registry.npmjs.org/vue-template-es2015-compiler
147 verbose request no auth needed
148 info attempt registry request try #1 at 14:26:44
149 http request GET https://registry.npmjs.org/vue-template-es2015-compiler
150 verbose request uri https://registry.npmjs.org/loader-utils
151 verbose request no auth needed
152 info attempt registry request try #1 at 14:26:44
153 verbose etag W/"58dff195-a2f2"
154 verbose lastModified Sat, 01 Apr 2017 18:29:41 GMT
155 http request GET https://registry.npmjs.org/loader-utils
156 verbose request uri https://registry.npmjs.org/lru-cache
157 verbose request no auth needed
158 info attempt registry request try #1 at 14:26:44
159 verbose etag W/"58f9a987-c9d0"
160 verbose lastModified Fri, 21 Apr 2017 06:41:11 GMT
161 http request GET https://registry.npmjs.org/lru-cache
162 verbose request uri https://registry.npmjs.org/postcss-load-config
163 verbose request no auth needed
164 info attempt registry request try #1 at 14:26:44
165 verbose etag W/"58a11916-70d9"
166 verbose lastModified Mon, 13 Feb 2017 02:25:26 GMT
167 http request GET https://registry.npmjs.org/postcss-load-config
168 http 200 https://registry.npmjs.org/consolidate
169 verbose headers { server: 'nginx/1.10.1',
169 verbose headers   'content-type': 'application/json',
169 verbose headers   'last-modified': 'Thu, 20 Apr 2017 01:17:04 GMT',
169 verbose headers   etag: 'W/"58f80c10-ac83"',
169 verbose headers   'content-encoding': 'gzip',
169 verbose headers   'cache-control': 'max-age=300',
169 verbose headers   'content-length': '7853',
169 verbose headers   'accept-ranges': 'bytes',
169 verbose headers   date: 'Sat, 29 Apr 2017 06:28:27 GMT',
169 verbose headers   via: '1.1 varnish',
169 verbose headers   age: '90',
169 verbose headers   connection: 'keep-alive',
169 verbose headers   'x-served-by': 'cache-nrt6126-NRT',
169 verbose headers   'x-cache': 'HIT',
169 verbose headers   'x-cache-hits': '2',
169 verbose headers   'x-timer': 'S1493447308.918223,VS0,VE0',
169 verbose headers   vary: 'Accept-Encoding' }
170 silly get cb [ 200,
170 silly get   { server: 'nginx/1.10.1',
170 silly get     'content-type': 'application/json',
170 silly get     'last-modified': 'Thu, 20 Apr 2017 01:17:04 GMT',
170 silly get     etag: 'W/"58f80c10-ac83"',
170 silly get     'content-encoding': 'gzip',
170 silly get     'cache-control': 'max-age=300',
170 silly get     'content-length': '7853',
170 silly get     'accept-ranges': 'bytes',
170 silly get     date: 'Sat, 29 Apr 2017 06:28:27 GMT',
170 silly get     via: '1.1 varnish',
170 silly get     age: '90',
170 silly get     connection: 'keep-alive',
170 silly get     'x-served-by': 'cache-nrt6126-NRT',
170 silly get     'x-cache': 'HIT',
170 silly get     'x-cache-hits': '2',
170 silly get     'x-timer': 'S1493447308.918223,VS0,VE0',
170 silly get     vary: 'Accept-Encoding' } ]
171 verbose get saving consolidate to C:\Users\Administrator\AppData\Roaming\npm-cache\registry.npmjs.org\consolidate\.cache.json
172 verbose correctMkdir C:\Users\Administrator\AppData\Roaming\npm-cache correctMkdir not in flight; initializing
173 silly resolveWithNewModule consolidate@0.14.5 checking installable status
174 silly cache add args [ 'consolidate@^0.14.0', null ]
175 verbose cache add spec consolidate@^0.14.0
176 silly cache add parsed spec Result {
176 silly cache add   raw: 'consolidate@^0.14.0',
176 silly cache add   scope: null,
176 silly cache add   escapedName: 'consolidate',
176 silly cache add   name: 'consolidate',
176 silly cache add   rawSpec: '^0.14.0',
176 silly cache add   spec: '>=0.14.0 <0.15.0',
176 silly cache add   type: 'range' }
177 silly addNamed consolidate@>=0.14.0 <0.15.0
178 verbose addNamed ">=0.14.0 <0.15.0" is a valid semver range for consolidate
179 silly addNameRange { name: 'consolidate',
179 silly addNameRange   range: '>=0.14.0 <0.15.0',
179 silly addNameRange   hasData: false }
180 silly mapToRegistry name consolidate
181 silly mapToRegistry using default registry
182 silly mapToRegistry registry https://registry.npmjs.org/
183 silly mapToRegistry data Result {
183 silly mapToRegistry   raw: 'consolidate',
183 silly mapToRegistry   scope: null,
183 silly mapToRegistry   escapedName: 'consolidate',
183 silly mapToRegistry   name: 'consolidate',
183 silly mapToRegistry   rawSpec: '',
183 silly mapToRegistry   spec: 'latest',
183 silly mapToRegistry   type: 'tag' }
184 silly mapToRegistry uri https://registry.npmjs.org/consolidate
185 verbose addNameRange registry:https://registry.npmjs.org/consolidate not in flight; fetching
186 verbose get https://registry.npmjs.org/consolidate not expired, no request
187 silly addNameRange number 2 { name: 'consolidate', range: '>=0.14.0 <0.15.0', hasData: true }
188 silly addNameRange versions [ 'consolidate',
188 silly addNameRange   [ '0.0.1',
188 silly addNameRange     '0.1.0',
188 silly addNameRange     '0.2.0',
188 silly addNameRange     '0.3.0',
188 silly addNameRange     '0.3.1',
188 silly addNameRange     '0.4.0',
188 silly addNameRange     '0.5.0',
188 silly addNameRange     '0.6.0',
188 silly addNameRange     '0.7.0',
188 silly addNameRange     '0.8.0',
188 silly addNameRange     '0.9.0',
188 silly addNameRange     '0.9.1',
188 silly addNameRange     '0.10.0',
188 silly addNameRange     '0.11.0',
188 silly addNameRange     '0.12.0',
188 silly addNameRange     '0.12.1',
188 silly addNameRange     '0.13.0',
188 silly addNameRange     '0.13.1',
188 silly addNameRange     '0.14.0',
188 silly addNameRange     '0.14.1',
188 silly addNameRange     '0.14.2',
188 silly addNameRange     '0.14.4',
188 silly addNameRange     '0.14.5' ] ]
189 silly addNamed consolidate@0.14.5
190 verbose addNamed "0.14.5" is a plain semver version for consolidate
191 silly mapToRegistry name consolidate
192 silly mapToRegistry using default registry
193 silly mapToRegistry registry https://registry.npmjs.org/
194 silly mapToRegistry data Result {
194 silly mapToRegistry   raw: 'consolidate',
194 silly mapToRegistry   scope: null,
194 silly mapToRegistry   escapedName: 'consolidate',
194 silly mapToRegistry   name: 'consolidate',
194 silly mapToRegistry   rawSpec: '',
194 silly mapToRegistry   spec: 'latest',
194 silly mapToRegistry   type: 'tag' }
195 silly mapToRegistry uri https://registry.npmjs.org/consolidate
196 verbose addRemoteTarball https://registry.npmjs.org/consolidate/-/consolidate-0.14.5.tgz not in flight; adding
197 verbose addRemoteTarball [ 'https://registry.npmjs.org/consolidate/-/consolidate-0.14.5.tgz',
197 verbose addRemoteTarball   '5a25047bc76f73072667c8cb52c989888f494c63' ]
198 info retry fetch attempt 1 at 14:26:45
199 info attempt registry request try #1 at 14:26:45
200 http fetch GET https://registry.npmjs.org/consolidate/-/consolidate-0.14.5.tgz
201 http 200 https://registry.npmjs.org/vue-style-loader
202 verbose headers { server: 'nginx/1.10.1',
202 verbose headers   'content-type': 'application/json',
202 verbose headers   'last-modified': 'Tue, 25 Apr 2017 08:54:34 GMT',
202 verbose headers   etag: 'W/"58ff0eca-30d5"',
202 verbose headers   'content-encoding': 'gzip',
202 verbose headers   'cache-control': 'max-age=300',
202 verbose headers   'content-length': '2568',
202 verbose headers   'accept-ranges': 'bytes',
202 verbose headers   date: 'Sat, 29 Apr 2017 06:28:28 GMT',
202 verbose headers   via: '1.1 varnish',
202 verbose headers   age: '28',
202 verbose headers   connection: 'keep-alive',
202 verbose headers   'x-served-by': 'cache-nrt6120-NRT',
202 verbose headers   'x-cache': 'HIT',
202 verbose headers   'x-cache-hits': '1',
202 verbose headers   'x-timer': 'S1493447308.272556,VS0,VE0',
202 verbose headers   vary: 'Accept-Encoding' }
203 silly get cb [ 200,
203 silly get   { server: 'nginx/1.10.1',
203 silly get     'content-type': 'application/json',
203 silly get     'last-modified': 'Tue, 25 Apr 2017 08:54:34 GMT',
203 silly get     etag: 'W/"58ff0eca-30d5"',
203 silly get     'content-encoding': 'gzip',
203 silly get     'cache-control': 'max-age=300',
203 silly get     'content-length': '2568',
203 silly get     'accept-ranges': 'bytes',
203 silly get     date: 'Sat, 29 Apr 2017 06:28:28 GMT',
203 silly get     via: '1.1 varnish',
203 silly get     age: '28',
203 silly get     connection: 'keep-alive',
203 silly get     'x-served-by': 'cache-nrt6120-NRT',
203 silly get     'x-cache': 'HIT',
203 silly get     'x-cache-hits': '1',
203 silly get     'x-timer': 'S1493447308.272556,VS0,VE0',
203 silly get     vary: 'Accept-Encoding' } ]
204 verbose get saving vue-style-loader to C:\Users\Administrator\AppData\Roaming\npm-cache\registry.npmjs.org\vue-style-loader\.cache.json
205 verbose correctMkdir C:\Users\Administrator\AppData\Roaming\npm-cache correctMkdir not in flight; initializing
206 http 304 https://registry.npmjs.org/loader-utils
207 verbose headers { date: 'Sat, 29 Apr 2017 06:28:28 GMT',
207 verbose headers   via: '1.1 varnish',
207 verbose headers   'cache-control': 'max-age=300',
207 verbose headers   etag: 'W/"58dff195-a2f2"',
207 verbose headers   age: '283',
207 verbose headers   connection: 'keep-alive',
207 verbose headers   'x-served-by': 'cache-nrt6124-NRT',
207 verbose headers   'x-cache': 'HIT',
207 verbose headers   'x-cache-hits': '4',
207 verbose headers   'x-timer': 'S1493447308.271934,VS0,VE0',
207 verbose headers   vary: 'Accept-Encoding' }
208 silly get cb [ 304,
208 silly get   { date: 'Sat, 29 Apr 2017 06:28:28 GMT',
208 silly get     via: '1.1 varnish',
208 silly get     'cache-control': 'max-age=300',
208 silly get     etag: 'W/"58dff195-a2f2"',
208 silly get     age: '283',
208 silly get     connection: 'keep-alive',
208 silly get     'x-served-by': 'cache-nrt6124-NRT',
208 silly get     'x-cache': 'HIT',
208 silly get     'x-cache-hits': '4',
208 silly get     'x-timer': 'S1493447308.271934,VS0,VE0',
208 silly get     vary: 'Accept-Encoding' } ]
209 verbose etag https://registry.npmjs.org/loader-utils from cache
210 verbose get saving loader-utils to C:\Users\Administrator\AppData\Roaming\npm-cache\registry.npmjs.org\loader-utils\.cache.json
211 verbose correctMkdir C:\Users\Administrator\AppData\Roaming\npm-cache correctMkdir not in flight; initializing
212 http 200 https://registry.npmjs.org/vue-hot-reload-api
213 verbose headers { server: 'nginx/1.10.3',
213 verbose headers   'content-type': 'application/json',
213 verbose headers   'last-modified': 'Mon, 17 Apr 2017 09:36:20 GMT',
213 verbose headers   etag: 'W/"58f48c94-6a80"',
213 verbose headers   'content-encoding': 'gzip',
213 verbose headers   'cache-control': 'max-age=300',
213 verbose headers   'content-length': '4079',
213 verbose headers   'accept-ranges': 'bytes',
213 verbose headers   date: 'Sat, 29 Apr 2017 06:28:28 GMT',
213 verbose headers   via: '1.1 varnish',
213 verbose headers   age: '160',
213 verbose headers   connection: 'keep-alive',
213 verbose headers   'x-served-by': 'cache-nrt6135-NRT',
213 verbose headers   'x-cache': 'HIT',
213 verbose headers   'x-cache-hits': '1',
213 verbose headers   'x-timer': 'S1493447308.270568,VS0,VE0',
213 verbose headers   vary: 'Accept-Encoding' }
214 silly get cb [ 200,
214 silly get   { server: 'nginx/1.10.3',
214 silly get     'content-type': 'application/json',
214 silly get     'last-modified': 'Mon, 17 Apr 2017 09:36:20 GMT',
214 silly get     etag: 'W/"58f48c94-6a80"',
214 silly get     'content-encoding': 'gzip',
214 silly get     'cache-control': 'max-age=300',
214 silly get     'content-length': '4079',
214 silly get     'accept-ranges': 'bytes',
214 silly get     date: 'Sat, 29 Apr 2017 06:28:28 GMT',
214 silly get     via: '1.1 varnish',
214 silly get     age: '160',
214 silly get     connection: 'keep-alive',
214 silly get     'x-served-by': 'cache-nrt6135-NRT',
214 silly get     'x-cache': 'HIT',
214 silly get     'x-cache-hits': '1',
214 silly get     'x-timer': 'S1493447308.270568,VS0,VE0',
214 silly get     vary: 'Accept-Encoding' } ]
215 verbose get saving vue-hot-reload-api to C:\Users\Administrator\AppData\Roaming\npm-cache\registry.npmjs.org\vue-hot-reload-api\.cache.json
216 verbose correctMkdir C:\Users\Administrator\AppData\Roaming\npm-cache correctMkdir not in flight; initializing
217 silly resolveWithNewModule vue-style-loader@3.0.1 checking installable status
218 silly cache add args [ 'vue-style-loader@^3.0.0', null ]
219 verbose cache add spec vue-style-loader@^3.0.0
220 silly cache add parsed spec Result {
220 silly cache add   raw: 'vue-style-loader@^3.0.0',
220 silly cache add   scope: null,
220 silly cache add   escapedName: 'vue-style-loader',
220 silly cache add   name: 'vue-style-loader',
220 silly cache add   rawSpec: '^3.0.0',
220 silly cache add   spec: '>=3.0.0 <4.0.0',
220 silly cache add   type: 'range' }
221 silly addNamed vue-style-loader@>=3.0.0 <4.0.0
222 verbose addNamed ">=3.0.0 <4.0.0" is a valid semver range for vue-style-loader
223 silly addNameRange { name: 'vue-style-loader',
223 silly addNameRange   range: '>=3.0.0 <4.0.0',
223 silly addNameRange   hasData: false }
224 silly mapToRegistry name vue-style-loader
225 silly mapToRegistry using default registry
226 silly mapToRegistry registry https://registry.npmjs.org/
227 silly mapToRegistry data Result {
227 silly mapToRegistry   raw: 'vue-style-loader',
227 silly mapToRegistry   scope: null,
227 silly mapToRegistry   escapedName: 'vue-style-loader',
227 silly mapToRegistry   name: 'vue-style-loader',
227 silly mapToRegistry   rawSpec: '',
227 silly mapToRegistry   spec: 'latest',
227 silly mapToRegistry   type: 'tag' }
228 silly mapToRegistry uri https://registry.npmjs.org/vue-style-loader
229 verbose addNameRange registry:https://registry.npmjs.org/vue-style-loader not in flight; fetching
230 verbose get https://registry.npmjs.org/vue-style-loader not expired, no request
231 silly addNameRange number 2 { name: 'vue-style-loader',
231 silly addNameRange   range: '>=3.0.0 <4.0.0',
231 silly addNameRange   hasData: true }
232 silly addNameRange versions [ 'vue-style-loader',
232 silly addNameRange   [ '1.0.0',
232 silly addNameRange     '2.0.0',
232 silly addNameRange     '2.0.1',
232 silly addNameRange     '2.0.2',
232 silly addNameRange     '2.0.3',
232 silly addNameRange     '2.0.4',
232 silly addNameRange     '2.0.5',
232 silly addNameRange     '3.0.0',
232 silly addNameRange     '3.0.1' ] ]
233 silly addNamed vue-style-loader@3.0.1
234 verbose addNamed "3.0.1" is a plain semver version for vue-style-loader
235 silly mapToRegistry name vue-style-loader
236 silly mapToRegistry using default registry
237 silly mapToRegistry registry https://registry.npmjs.org/
238 silly mapToRegistry data Result {
238 silly mapToRegistry   raw: 'vue-style-loader',
238 silly mapToRegistry   scope: null,
238 silly mapToRegistry   escapedName: 'vue-style-loader',
238 silly mapToRegistry   name: 'vue-style-loader',
238 silly mapToRegistry   rawSpec: '',
238 silly mapToRegistry   spec: 'latest',
238 silly mapToRegistry   type: 'tag' }
239 silly mapToRegistry uri https://registry.npmjs.org/vue-style-loader
240 verbose addRemoteTarball https://registry.npmjs.org/vue-style-loader/-/vue-style-loader-3.0.1.tgz not in flight; adding
241 verbose addRemoteTarball [ 'https://registry.npmjs.org/vue-style-loader/-/vue-style-loader-3.0.1.tgz',
241 verbose addRemoteTarball   'c8b639bb2f24baf9d78274dc17e4f264c1deda08' ]
242 silly resolveWithNewModule loader-utils@1.1.0 checking installable status
243 silly cache add args [ 'loader-utils@^1.1.0', null ]
244 verbose cache add spec loader-utils@^1.1.0
245 silly cache add parsed spec Result {
245 silly cache add   raw: 'loader-utils@^1.1.0',
245 silly cache add   scope: null,
245 silly cache add   escapedName: 'loader-utils',
245 silly cache add   name: 'loader-utils',
245 silly cache add   rawSpec: '^1.1.0',
245 silly cache add   spec: '>=1.1.0 <2.0.0',
245 silly cache add   type: 'range' }
246 silly addNamed loader-utils@>=1.1.0 <2.0.0
247 verbose addNamed ">=1.1.0 <2.0.0" is a valid semver range for loader-utils
248 silly addNameRange { name: 'loader-utils', range: '>=1.1.0 <2.0.0', hasData: false }
249 silly mapToRegistry name loader-utils
250 silly mapToRegistry using default registry
251 silly mapToRegistry registry https://registry.npmjs.org/
252 silly mapToRegistry data Result {
252 silly mapToRegistry   raw: 'loader-utils',
252 silly mapToRegistry   scope: null,
252 silly mapToRegistry   escapedName: 'loader-utils',
252 silly mapToRegistry   name: 'loader-utils',
252 silly mapToRegistry   rawSpec: '',
252 silly mapToRegistry   spec: 'latest',
252 silly mapToRegistry   type: 'tag' }
253 silly mapToRegistry uri https://registry.npmjs.org/loader-utils
254 verbose addNameRange registry:https://registry.npmjs.org/loader-utils not in flight; fetching
255 verbose get https://registry.npmjs.org/loader-utils not expired, no request
256 silly addNameRange number 2 { name: 'loader-utils', range: '>=1.1.0 <2.0.0', hasData: true }
257 silly addNameRange versions [ 'loader-utils',
257 silly addNameRange   [ '0.1.0',
257 silly addNameRange     '0.1.1',
257 silly addNameRange     '0.1.2',
257 silly addNameRange     '0.2.0',
257 silly addNameRange     '0.2.1',
257 silly addNameRange     '0.2.2',
257 silly addNameRange     '0.2.3',
257 silly addNameRange     '0.2.4',
257 silly addNameRange     '0.2.5',
257 silly addNameRange     '0.2.6',
257 silly addNameRange     '0.2.7',
257 silly addNameRange     '0.2.8',
257 silly addNameRange     '0.2.9',
257 silly addNameRange     '0.2.10',
257 silly addNameRange     '0.2.11',
257 silly addNameRange     '0.2.12',
257 silly addNameRange     '0.2.13',
257 silly addNameRange     '0.2.14',
257 silly addNameRange     '0.2.15',
257 silly addNameRange     '0.2.16',
257 silly addNameRange     '0.2.17',
257 silly addNameRange     '1.0.0',
257 silly addNameRange     '1.0.1',
257 silly addNameRange     '1.0.2',
257 silly addNameRange     '1.0.3',
257 silly addNameRange     '1.0.4',
257 silly addNameRange     '1.1.0' ] ]
258 silly addNamed loader-utils@1.1.0
259 verbose addNamed "1.1.0" is a plain semver version for loader-utils
260 info retry fetch attempt 1 at 14:26:45
261 info attempt registry request try #1 at 14:26:45
262 http fetch GET https://registry.npmjs.org/vue-style-loader/-/vue-style-loader-3.0.1.tgz
263 silly resolveWithNewModule vue-hot-reload-api@2.1.0 checking installable status
264 silly cache add args [ 'vue-hot-reload-api@^2.1.0', null ]
265 verbose cache add spec vue-hot-reload-api@^2.1.0
266 silly cache add parsed spec Result {
266 silly cache add   raw: 'vue-hot-reload-api@^2.1.0',
266 silly cache add   scope: null,
266 silly cache add   escapedName: 'vue-hot-reload-api',
266 silly cache add   name: 'vue-hot-reload-api',
266 silly cache add   rawSpec: '^2.1.0',
266 silly cache add   spec: '>=2.1.0 <3.0.0',
266 silly cache add   type: 'range' }
267 silly addNamed vue-hot-reload-api@>=2.1.0 <3.0.0
268 verbose addNamed ">=2.1.0 <3.0.0" is a valid semver range for vue-hot-reload-api
269 silly addNameRange { name: 'vue-hot-reload-api',
269 silly addNameRange   range: '>=2.1.0 <3.0.0',
269 silly addNameRange   hasData: false }
270 silly mapToRegistry name vue-hot-reload-api
271 silly mapToRegistry using default registry
272 silly mapToRegistry registry https://registry.npmjs.org/
273 silly mapToRegistry data Result {
273 silly mapToRegistry   raw: 'vue-hot-reload-api',
273 silly mapToRegistry   scope: null,
273 silly mapToRegistry   escapedName: 'vue-hot-reload-api',
273 silly mapToRegistry   name: 'vue-hot-reload-api',
273 silly mapToRegistry   rawSpec: '',
273 silly mapToRegistry   spec: 'latest',
273 silly mapToRegistry   type: 'tag' }
274 silly mapToRegistry uri https://registry.npmjs.org/vue-hot-reload-api
275 verbose addNameRange registry:https://registry.npmjs.org/vue-hot-reload-api not in flight; fetching
276 verbose get https://registry.npmjs.org/vue-hot-reload-api not expired, no request
277 silly addNameRange number 2 { name: 'vue-hot-reload-api',
277 silly addNameRange   range: '>=2.1.0 <3.0.0',
277 silly addNameRange   hasData: true }
278 silly addNameRange versions [ 'vue-hot-reload-api',
278 silly addNameRange   [ '1.0.0',
278 silly addNameRange     '1.1.0',
278 silly addNameRange     '1.2.0',
278 silly addNameRange     '1.2.1',
278 silly addNameRange     '1.2.2',
278 silly addNameRange     '1.3.0',
278 silly addNameRange     '1.3.1',
278 silly addNameRange     '1.3.2',
278 silly addNameRange     '2.0.0',
278 silly addNameRange     '2.0.1',
278 silly addNameRange     '1.3.3',
278 silly addNameRange     '2.0.2',
278 silly addNameRange     '2.0.3',
278 silly addNameRange     '2.0.4',
278 silly addNameRange     '2.0.5',
278 silly addNameRange     '2.0.6',
278 silly addNameRange     '2.0.7',
278 silly addNameRange     '2.0.8',
278 silly addNameRange     '2.0.9',
278 silly addNameRange     '2.0.10',
278 silly addNameRange     '2.0.11',
278 silly addNameRange     '2.1.0' ] ]
279 silly addNamed vue-hot-reload-api@2.1.0
280 verbose addNamed "2.1.0" is a plain semver version for vue-hot-reload-api
281 silly cache afterAdd loader-utils@1.1.0
282 verbose afterAdd C:\Users\Administrator\AppData\Roaming\npm-cache\loader-utils\1.1.0\package\package.json not in flight; writing
283 verbose correctMkdir C:\Users\Administrator\AppData\Roaming\npm-cache correctMkdir not in flight; initializing
284 silly mapToRegistry name vue-hot-reload-api
285 silly mapToRegistry using default registry
286 silly mapToRegistry registry https://registry.npmjs.org/
287 silly mapToRegistry data Result {
287 silly mapToRegistry   raw: 'vue-hot-reload-api',
287 silly mapToRegistry   scope: null,
287 silly mapToRegistry   escapedName: 'vue-hot-reload-api',
287 silly mapToRegistry   name: 'vue-hot-reload-api',
287 silly mapToRegistry   rawSpec: '',
287 silly mapToRegistry   spec: 'latest',
287 silly mapToRegistry   type: 'tag' }
288 silly mapToRegistry uri https://registry.npmjs.org/vue-hot-reload-api
289 verbose addRemoteTarball https://registry.npmjs.org/vue-hot-reload-api/-/vue-hot-reload-api-2.1.0.tgz not in flight; adding
290 verbose addRemoteTarball [ 'https://registry.npmjs.org/vue-hot-reload-api/-/vue-hot-reload-api-2.1.0.tgz',
290 verbose addRemoteTarball   '9ca58a6e0df9078554ce1708688b6578754d86de' ]
291 info retry fetch attempt 1 at 14:26:45
292 info attempt registry request try #1 at 14:26:45
293 http fetch GET https://registry.npmjs.org/vue-hot-reload-api/-/vue-hot-reload-api-2.1.0.tgz
294 verbose afterAdd C:\Users\Administrator\AppData\Roaming\npm-cache\loader-utils\1.1.0\package\package.json written
295 http fetch 200 https://registry.npmjs.org/vue-style-loader/-/vue-style-loader-3.0.1.tgz
296 http fetch 200 https://registry.npmjs.org/vue-hot-reload-api/-/vue-hot-reload-api-2.1.0.tgz
297 silly fetchAndShaCheck shasum 9ca58a6e0df9078554ce1708688b6578754d86de
298 verbose addTmpTarball C:\Users\ADMINI~1\AppData\Local\Temp\npm-7280-21f0f8ed\registry.npmjs.org\vue-hot-reload-api\-\vue-hot-reload-api-2.1.0.tgz not in flight; adding
299 verbose addTmpTarball already have metadata; skipping unpack for vue-hot-reload-api@2.1.0
300 verbose correctMkdir C:\Users\Administrator\AppData\Roaming\npm-cache correctMkdir not in flight; initializing
301 silly cache afterAdd vue-hot-reload-api@2.1.0
302 verbose afterAdd C:\Users\Administrator\AppData\Roaming\npm-cache\vue-hot-reload-api\2.1.0\package\package.json not in flight; writing
303 verbose correctMkdir C:\Users\Administrator\AppData\Roaming\npm-cache correctMkdir not in flight; initializing
304 verbose afterAdd C:\Users\Administrator\AppData\Roaming\npm-cache\vue-hot-reload-api\2.1.0\package\package.json written
305 http 200 https://registry.npmjs.org/js-beautify
306 verbose headers { server: 'nginx/1.10.3',
306 verbose headers   'content-type': 'application/json',
306 verbose headers   'last-modified': 'Wed, 19 Apr 2017 18:17:49 GMT',
306 verbose headers   etag: 'W/"58f7a9cd-1b71c"',
306 verbose headers   'content-encoding': 'gzip',
306 verbose headers   'cache-control': 'max-age=300',
306 verbose headers   'content-length': '11874',
306 verbose headers   'accept-ranges': 'bytes',
306 verbose headers   date: 'Sat, 29 Apr 2017 06:28:28 GMT',
306 verbose headers   via: '1.1 varnish',
306 verbose headers   age: '0',
306 verbose headers   connection: 'keep-alive',
306 verbose headers   'x-served-by': 'cache-nrt6127-NRT',
306 verbose headers   'x-cache': 'HIT',
306 verbose headers   'x-cache-hits': '1',
306 verbose headers   'x-timer': 'S1493447308.267505,VS0,VE102',
306 verbose headers   vary: 'Accept-Encoding' }
307 silly get cb [ 200,
307 silly get   { server: 'nginx/1.10.3',
307 silly get     'content-type': 'application/json',
307 silly get     'last-modified': 'Wed, 19 Apr 2017 18:17:49 GMT',
307 silly get     etag: 'W/"58f7a9cd-1b71c"',
307 silly get     'content-encoding': 'gzip',
307 silly get     'cache-control': 'max-age=300',
307 silly get     'content-length': '11874',
307 silly get     'accept-ranges': 'bytes',
307 silly get     date: 'Sat, 29 Apr 2017 06:28:28 GMT',
307 silly get     via: '1.1 varnish',
307 silly get     age: '0',
307 silly get     connection: 'keep-alive',
307 silly get     'x-served-by': 'cache-nrt6127-NRT',
307 silly get     'x-cache': 'HIT',
307 silly get     'x-cache-hits': '1',
307 silly get     'x-timer': 'S1493447308.267505,VS0,VE102',
307 silly get     vary: 'Accept-Encoding' } ]
308 verbose get saving js-beautify to C:\Users\Administrator\AppData\Roaming\npm-cache\registry.npmjs.org\js-beautify\.cache.json
309 verbose correctMkdir C:\Users\Administrator\AppData\Roaming\npm-cache correctMkdir not in flight; initializing
310 silly resolveWithNewModule js-beautify@1.6.12 checking installable status
311 silly cache add args [ 'js-beautify@^1.6.3', null ]
312 verbose cache add spec js-beautify@^1.6.3
313 silly cache add parsed spec Result {
313 silly cache add   raw: 'js-beautify@^1.6.3',
313 silly cache add   scope: null,
313 silly cache add   escapedName: 'js-beautify',
313 silly cache add   name: 'js-beautify',
313 silly cache add   rawSpec: '^1.6.3',
313 silly cache add   spec: '>=1.6.3 <2.0.0',
313 silly cache add   type: 'range' }
314 silly addNamed js-beautify@>=1.6.3 <2.0.0
315 verbose addNamed ">=1.6.3 <2.0.0" is a valid semver range for js-beautify
316 silly addNameRange { name: 'js-beautify', range: '>=1.6.3 <2.0.0', hasData: false }
317 silly mapToRegistry name js-beautify
318 silly mapToRegistry using default registry
319 silly mapToRegistry registry https://registry.npmjs.org/
320 silly mapToRegistry data Result {
320 silly mapToRegistry   raw: 'js-beautify',
320 silly mapToRegistry   scope: null,
320 silly mapToRegistry   escapedName: 'js-beautify',
320 silly mapToRegistry   name: 'js-beautify',
320 silly mapToRegistry   rawSpec: '',
320 silly mapToRegistry   spec: 'latest',
320 silly mapToRegistry   type: 'tag' }
321 silly mapToRegistry uri https://registry.npmjs.org/js-beautify
322 verbose addNameRange registry:https://registry.npmjs.org/js-beautify not in flight; fetching
323 verbose get https://registry.npmjs.org/js-beautify not expired, no request
324 silly addNameRange number 2 { name: 'js-beautify', range: '>=1.6.3 <2.0.0', hasData: true }
325 silly addNameRange versions [ 'js-beautify',
325 silly addNameRange   [ '0.1.8',
325 silly addNameRange     '0.2.0',
325 silly addNameRange     '0.2.1',
325 silly addNameRange     '0.2.2',
325 silly addNameRange     '0.2.3',
325 silly addNameRange     '0.2.4',
325 silly addNameRange     '0.3.0',
325 silly addNameRange     '0.3.1',
325 silly addNameRange     '0.3.2',
325 silly addNameRange     '0.3.3',
325 silly addNameRange     '0.3.4',
325 silly addNameRange     '0.3.5',
325 silly addNameRange     '0.3.6',
325 silly addNameRange     '0.3.7',
325 silly addNameRange     '0.3.8',
325 silly addNameRange     '0.3.9',
325 silly addNameRange     '0.4.0',
325 silly addNameRange     '0.4.1',
325 silly addNameRange     '0.4.2',
325 silly addNameRange     '1.2.0',
325 silly addNameRange     '1.3.0',
325 silly addNameRange     '1.3.1',
325 silly addNameRange     '1.3.2',
325 silly addNameRange     '1.3.3',
325 silly addNameRange     '1.3.4',
325 silly addNameRange     '1.4.0',
325 silly addNameRange     '1.4.1',
325 silly addNameRange     '1.4.2',
325 silly addNameRange     '1.5.1',
325 silly addNameRange     '1.5.2',
325 silly addNameRange     '1.5.3',
325 silly addNameRange     '1.5.4',
325 silly addNameRange     '1.5.5',
325 silly addNameRange     '1.5.6',
325 silly addNameRange     '1.5.7',
325 silly addNameRange     '1.5.8',
325 silly addNameRange     '1.5.9',
325 silly addNameRange     '1.5.10',
325 silly addNameRange     '1.6.0',
325 silly addNameRange     '1.6.1',
325 silly addNameRange     '1.6.2',
325 silly addNameRange     '1.6.3',
325 silly addNameRange     '1.6.4',
325 silly addNameRange     '1.6.5',
325 silly addNameRange     '1.6.6',
325 silly addNameRange     '1.6.7',
325 silly addNameRange     '1.6.8',
325 silly addNameRange     '1.6.9',
325 silly addNameRange     '1.6.10',
325 silly addNameRange     '1.6.11',
325 silly addNameRange     '1.6.12' ] ]
326 silly addNamed js-beautify@1.6.12
327 verbose addNamed "1.6.12" is a plain semver version for js-beautify
328 silly mapToRegistry name js-beautify
329 silly mapToRegistry using default registry
330 silly mapToRegistry registry https://registry.npmjs.org/
331 silly mapToRegistry data Result {
331 silly mapToRegistry   raw: 'js-beautify',
331 silly mapToRegistry   scope: null,
331 silly mapToRegistry   escapedName: 'js-beautify',
331 silly mapToRegistry   name: 'js-beautify',
331 silly mapToRegistry   rawSpec: '',
331 silly mapToRegistry   spec: 'latest',
331 silly mapToRegistry   type: 'tag' }
332 silly mapToRegistry uri https://registry.npmjs.org/js-beautify
333 verbose addRemoteTarball https://registry.npmjs.org/js-beautify/-/js-beautify-1.6.12.tgz not in flight; adding
334 verbose addRemoteTarball [ 'https://registry.npmjs.org/js-beautify/-/js-beautify-1.6.12.tgz',
334 verbose addRemoteTarball   '78b75933505d376da6e5a28e9b7887e0094db8b5' ]
335 info retry fetch attempt 1 at 14:26:45
336 info attempt registry request try #1 at 14:26:45
337 http fetch GET https://registry.npmjs.org/js-beautify/-/js-beautify-1.6.12.tgz
338 http 304 https://registry.npmjs.org/lru-cache
339 verbose headers { date: 'Sat, 29 Apr 2017 06:28:28 GMT',
339 verbose headers   via: '1.1 varnish',
339 verbose headers   'cache-control': 'max-age=300',
339 verbose headers   etag: 'W/"58f9a987-c9d0"',
339 verbose headers   age: '184',
339 verbose headers   connection: 'keep-alive',
339 verbose headers   'x-served-by': 'cache-nrt6132-NRT',
339 verbose headers   'x-cache': 'HIT',
339 verbose headers   'x-cache-hits': '3',
339 verbose headers   'x-timer': 'S1493447309.780121,VS0,VE0',
339 verbose headers   vary: 'Accept-Encoding' }
340 silly get cb [ 304,
340 silly get   { date: 'Sat, 29 Apr 2017 06:28:28 GMT',
340 silly get     via: '1.1 varnish',
340 silly get     'cache-control': 'max-age=300',
340 silly get     etag: 'W/"58f9a987-c9d0"',
340 silly get     age: '184',
340 silly get     connection: 'keep-alive',
340 silly get     'x-served-by': 'cache-nrt6132-NRT',
340 silly get     'x-cache': 'HIT',
340 silly get     'x-cache-hits': '3',
340 silly get     'x-timer': 'S1493447309.780121,VS0,VE0',
340 silly get     vary: 'Accept-Encoding' } ]
341 verbose etag https://registry.npmjs.org/lru-cache from cache
342 verbose get saving lru-cache to C:\Users\Administrator\AppData\Roaming\npm-cache\registry.npmjs.org\lru-cache\.cache.json
343 verbose correctMkdir C:\Users\Administrator\AppData\Roaming\npm-cache correctMkdir not in flight; initializing
344 http fetch 200 https://registry.npmjs.org/js-beautify/-/js-beautify-1.6.12.tgz
345 silly resolveWithNewModule lru-cache@4.0.2 checking installable status
346 silly cache add args [ 'lru-cache@^4.0.1', null ]
347 verbose cache add spec lru-cache@^4.0.1
348 silly cache add parsed spec Result {
348 silly cache add   raw: 'lru-cache@^4.0.1',
348 silly cache add   scope: null,
348 silly cache add   escapedName: 'lru-cache',
348 silly cache add   name: 'lru-cache',
348 silly cache add   rawSpec: '^4.0.1',
348 silly cache add   spec: '>=4.0.1 <5.0.0',
348 silly cache add   type: 'range' }
349 silly addNamed lru-cache@>=4.0.1 <5.0.0
350 verbose addNamed ">=4.0.1 <5.0.0" is a valid semver range for lru-cache
351 silly addNameRange { name: 'lru-cache', range: '>=4.0.1 <5.0.0', hasData: false }
352 silly mapToRegistry name lru-cache
353 silly mapToRegistry using default registry
354 silly mapToRegistry registry https://registry.npmjs.org/
355 silly mapToRegistry data Result {
355 silly mapToRegistry   raw: 'lru-cache',
355 silly mapToRegistry   scope: null,
355 silly mapToRegistry   escapedName: 'lru-cache',
355 silly mapToRegistry   name: 'lru-cache',
355 silly mapToRegistry   rawSpec: '',
355 silly mapToRegistry   spec: 'latest',
355 silly mapToRegistry   type: 'tag' }
356 silly mapToRegistry uri https://registry.npmjs.org/lru-cache
357 verbose addNameRange registry:https://registry.npmjs.org/lru-cache not in flight; fetching
358 verbose get https://registry.npmjs.org/lru-cache not expired, no request
359 silly addNameRange number 2 { name: 'lru-cache', range: '>=4.0.1 <5.0.0', hasData: true }
360 silly addNameRange versions [ 'lru-cache',
360 silly addNameRange   [ '1.0.1',
360 silly addNameRange     '1.0.2',
360 silly addNameRange     '1.0.3',
360 silly addNameRange     '1.0.4',
360 silly addNameRange     '1.0.5',
360 silly addNameRange     '1.0.6',
360 silly addNameRange     '1.1.0',
360 silly addNameRange     '1.1.1',
360 silly addNameRange     '2.0.0',
360 silly addNameRange     '2.0.1',
360 silly addNameRange     '2.0.2',
360 silly addNameRange     '2.0.3',
360 silly addNameRange     '2.0.4',
360 silly addNameRange     '2.1.0',
360 silly addNameRange     '2.2.0',
360 silly addNameRange     '2.2.1',
360 silly addNameRange     '2.2.2',
360 silly addNameRange     '2.2.4',
360 silly addNameRange     '2.3.0',
360 silly addNameRange     '2.3.1',
360 silly addNameRange     '2.5.0',
360 silly addNameRange     '2.5.1',
360 silly addNameRange     '2.5.2',
360 silly addNameRange     '2.6.0',
360 silly addNameRange     '2.6.1',
360 silly addNameRange     '2.6.2',
360 silly addNameRange     '2.6.3',
360 silly addNameRange     '2.6.4',
360 silly addNameRange     '2.6.5',
360 silly addNameRange     '2.7.0',
360 silly addNameRange     '2.7.1',
360 silly addNameRange     '2.7.2',
360 silly addNameRange     '2.7.3',
360 silly addNameRange     '3.0.0',
360 silly addNameRange     '3.1.0',
360 silly addNameRange     '3.1.1',
360 silly addNameRange     '3.1.2',
360 silly addNameRange     '3.2.0',
360 silly addNameRange     '4.0.0',
360 silly addNameRange     '4.0.1',
360 silly addNameRange     '4.0.2' ] ]
361 silly addNamed lru-cache@4.0.2
362 verbose addNamed "4.0.2" is a plain semver version for lru-cache
363 silly mapToRegistry name lru-cache
364 silly mapToRegistry using default registry
365 silly mapToRegistry registry https://registry.npmjs.org/
366 silly mapToRegistry data Result {
366 silly mapToRegistry   raw: 'lru-cache',
366 silly mapToRegistry   scope: null,
366 silly mapToRegistry   escapedName: 'lru-cache',
366 silly mapToRegistry   name: 'lru-cache',
366 silly mapToRegistry   rawSpec: '',
366 silly mapToRegistry   spec: 'latest',
366 silly mapToRegistry   type: 'tag' }
367 silly mapToRegistry uri https://registry.npmjs.org/lru-cache
368 verbose addRemoteTarball https://registry.npmjs.org/lru-cache/-/lru-cache-4.0.2.tgz not in flight; adding
369 verbose addRemoteTarball [ 'https://registry.npmjs.org/lru-cache/-/lru-cache-4.0.2.tgz',
369 verbose addRemoteTarball   '1d17679c069cda5d040991a09dbc2c0db377e55e' ]
370 info retry fetch attempt 1 at 14:26:45
371 info attempt registry request try #1 at 14:26:45
372 http fetch GET https://registry.npmjs.org/lru-cache/-/lru-cache-4.0.2.tgz
373 silly fetchAndShaCheck shasum c8b639bb2f24baf9d78274dc17e4f264c1deda08
374 verbose addTmpTarball C:\Users\ADMINI~1\AppData\Local\Temp\npm-7280-21f0f8ed\registry.npmjs.org\vue-style-loader\-\vue-style-loader-3.0.1.tgz not in flight; adding
375 verbose addTmpTarball already have metadata; skipping unpack for vue-style-loader@3.0.1
376 verbose correctMkdir C:\Users\Administrator\AppData\Roaming\npm-cache correctMkdir not in flight; initializing
377 silly cache afterAdd vue-style-loader@3.0.1
378 verbose afterAdd C:\Users\Administrator\AppData\Roaming\npm-cache\vue-style-loader\3.0.1\package\package.json not in flight; writing
379 verbose correctMkdir C:\Users\Administrator\AppData\Roaming\npm-cache correctMkdir not in flight; initializing
380 verbose afterAdd C:\Users\Administrator\AppData\Roaming\npm-cache\vue-style-loader\3.0.1\package\package.json written
381 http 200 https://registry.npmjs.org/vue-template-es2015-compiler
382 verbose headers { server: 'nginx/1.10.1',
382 verbose headers   'content-type': 'application/json',
382 verbose headers   'last-modified': 'Mon, 10 Apr 2017 01:49:37 GMT',
382 verbose headers   etag: 'W/"58eae4b1-46cb"',
382 verbose headers   'content-encoding': 'gzip',
382 verbose headers   'cache-control': 'max-age=300',
382 verbose headers   'content-length': '2802',
382 verbose headers   'accept-ranges': 'bytes',
382 verbose headers   date: 'Sat, 29 Apr 2017 06:28:28 GMT',
382 verbose headers   via: '1.1 varnish',
382 verbose headers   age: '160',
382 verbose headers   connection: 'keep-alive',
382 verbose headers   'x-served-by': 'cache-nrt6131-NRT',
382 verbose headers   'x-cache': 'HIT',
382 verbose headers   'x-cache-hits': '1',
382 verbose headers   'x-timer': 'S1493447308.265915,VS0,VE0',
382 verbose headers   vary: 'Accept-Encoding' }
383 silly get cb [ 200,
383 silly get   { server: 'nginx/1.10.1',
383 silly get     'content-type': 'application/json',
383 silly get     'last-modified': 'Mon, 10 Apr 2017 01:49:37 GMT',
383 silly get     etag: 'W/"58eae4b1-46cb"',
383 silly get     'content-encoding': 'gzip',
383 silly get     'cache-control': 'max-age=300',
383 silly get     'content-length': '2802',
383 silly get     'accept-ranges': 'bytes',
383 silly get     date: 'Sat, 29 Apr 2017 06:28:28 GMT',
383 silly get     via: '1.1 varnish',
383 silly get     age: '160',
383 silly get     connection: 'keep-alive',
383 silly get     'x-served-by': 'cache-nrt6131-NRT',
383 silly get     'x-cache': 'HIT',
383 silly get     'x-cache-hits': '1',
383 silly get     'x-timer': 'S1493447308.265915,VS0,VE0',
383 silly get     vary: 'Accept-Encoding' } ]
384 verbose get saving vue-template-es2015-compiler to C:\Users\Administrator\AppData\Roaming\npm-cache\registry.npmjs.org\vue-template-es2015-compiler\.cache.json
385 verbose correctMkdir C:\Users\Administrator\AppData\Roaming\npm-cache correctMkdir not in flight; initializing
386 silly resolveWithNewModule vue-template-es2015-compiler@1.5.2 checking installable status
387 silly cache add args [ 'vue-template-es2015-compiler@^1.2.2', null ]
388 verbose cache add spec vue-template-es2015-compiler@^1.2.2
389 silly cache add parsed spec Result {
389 silly cache add   raw: 'vue-template-es2015-compiler@^1.2.2',
389 silly cache add   scope: null,
389 silly cache add   escapedName: 'vue-template-es2015-compiler',
389 silly cache add   name: 'vue-template-es2015-compiler',
389 silly cache add   rawSpec: '^1.2.2',
389 silly cache add   spec: '>=1.2.2 <2.0.0',
389 silly cache add   type: 'range' }
390 silly addNamed vue-template-es2015-compiler@>=1.2.2 <2.0.0
391 verbose addNamed ">=1.2.2 <2.0.0" is a valid semver range for vue-template-es2015-compiler
392 silly addNameRange { name: 'vue-template-es2015-compiler',
392 silly addNameRange   range: '>=1.2.2 <2.0.0',
392 silly addNameRange   hasData: false }
393 silly mapToRegistry name vue-template-es2015-compiler
394 silly mapToRegistry using default registry
395 silly mapToRegistry registry https://registry.npmjs.org/
396 silly mapToRegistry data Result {
396 silly mapToRegistry   raw: 'vue-template-es2015-compiler',
396 silly mapToRegistry   scope: null,
396 silly mapToRegistry   escapedName: 'vue-template-es2015-compiler',
396 silly mapToRegistry   name: 'vue-template-es2015-compiler',
396 silly mapToRegistry   rawSpec: '',
396 silly mapToRegistry   spec: 'latest',
396 silly mapToRegistry   type: 'tag' }
397 silly mapToRegistry uri https://registry.npmjs.org/vue-template-es2015-compiler
398 verbose addNameRange registry:https://registry.npmjs.org/vue-template-es2015-compiler not in flight; fetching
399 verbose get https://registry.npmjs.org/vue-template-es2015-compiler not expired, no request
400 silly addNameRange number 2 { name: 'vue-template-es2015-compiler',
400 silly addNameRange   range: '>=1.2.2 <2.0.0',
400 silly addNameRange   hasData: true }
401 silly addNameRange versions [ 'vue-template-es2015-compiler',
401 silly addNameRange   [ '1.0.0',
401 silly addNameRange     '1.1.0',
401 silly addNameRange     '1.1.1',
401 silly addNameRange     '1.2.0',
401 silly addNameRange     '1.2.1',
401 silly addNameRange     '1.2.2',
401 silly addNameRange     '1.2.3',
401 silly addNameRange     '1.2.4',
401 silly addNameRange     '1.3.0',
401 silly addNameRange     '1.3.1',
401 silly addNameRange     '1.3.2',
401 silly addNameRange     '1.4.0',
401 silly addNameRange     '1.4.1',
401 silly addNameRange     '1.4.2',
401 silly addNameRange     '1.5.0',
401 silly addNameRange     '1.5.1',
401 silly addNameRange     '1.5.2' ] ]
402 silly addNamed vue-template-es2015-compiler@1.5.2
403 verbose addNamed "1.5.2" is a plain semver version for vue-template-es2015-compiler
404 silly mapToRegistry name vue-template-es2015-compiler
405 silly mapToRegistry using default registry
406 silly mapToRegistry registry https://registry.npmjs.org/
407 silly mapToRegistry data Result {
407 silly mapToRegistry   raw: 'vue-template-es2015-compiler',
407 silly mapToRegistry   scope: null,
407 silly mapToRegistry   escapedName: 'vue-template-es2015-compiler',
407 silly mapToRegistry   name: 'vue-template-es2015-compiler',
407 silly mapToRegistry   rawSpec: '',
407 silly mapToRegistry   spec: 'latest',
407 silly mapToRegistry   type: 'tag' }
408 silly mapToRegistry uri https://registry.npmjs.org/vue-template-es2015-compiler
409 verbose addRemoteTarball https://registry.npmjs.org/vue-template-es2015-compiler/-/vue-template-es2015-compiler-1.5.2.tgz not in flight; adding
410 verbose addRemoteTarball [ 'https://registry.npmjs.org/vue-template-es2015-compiler/-/vue-template-es2015-compiler-1.5.2.tgz',
410 verbose addRemoteTarball   'a0a6c50c941d2a4abda963f2f42c337ac450ee95' ]
411 info retry fetch attempt 1 at 14:26:46
412 info attempt registry request try #1 at 14:26:46
413 http fetch GET https://registry.npmjs.org/vue-template-es2015-compiler/-/vue-template-es2015-compiler-1.5.2.tgz
414 http fetch 200 https://registry.npmjs.org/lru-cache/-/lru-cache-4.0.2.tgz
415 silly fetchAndShaCheck shasum 1d17679c069cda5d040991a09dbc2c0db377e55e
416 verbose addTmpTarball C:\Users\ADMINI~1\AppData\Local\Temp\npm-7280-21f0f8ed\registry.npmjs.org\lru-cache\-\lru-cache-4.0.2.tgz not in flight; adding
417 verbose addTmpTarball already have metadata; skipping unpack for lru-cache@4.0.2
418 verbose correctMkdir C:\Users\Administrator\AppData\Roaming\npm-cache correctMkdir not in flight; initializing
419 silly cache afterAdd lru-cache@4.0.2
420 verbose afterAdd C:\Users\Administrator\AppData\Roaming\npm-cache\lru-cache\4.0.2\package\package.json not in flight; writing
421 verbose correctMkdir C:\Users\Administrator\AppData\Roaming\npm-cache correctMkdir not in flight; initializing
422 verbose afterAdd C:\Users\Administrator\AppData\Roaming\npm-cache\lru-cache\4.0.2\package\package.json written
423 http fetch 200 https://registry.npmjs.org/vue-template-es2015-compiler/-/vue-template-es2015-compiler-1.5.2.tgz
424 http 200 https://registry.npmjs.org/hash-sum
425 verbose headers { server: 'nginx/1.10.1',
425 verbose headers   'content-type': 'application/json',
425 verbose headers   'last-modified': 'Tue, 14 Jul 2015 19:10:57 GMT',
425 verbose headers   etag: 'W/"55a55ec1-14b4"',
425 verbose headers   'content-encoding': 'gzip',
425 verbose headers   'cache-control': 'max-age=300',
425 verbose headers   'content-length': '1585',
425 verbose headers   'accept-ranges': 'bytes',
425 verbose headers   date: 'Sat, 29 Apr 2017 06:28:29 GMT',
425 verbose headers   via: '1.1 varnish',
425 verbose headers   age: '161',
425 verbose headers   connection: 'keep-alive',
425 verbose headers   'x-served-by': 'cache-nrt6128-NRT',
425 verbose headers   'x-cache': 'HIT',
425 verbose headers   'x-cache-hits': '1',
425 verbose headers   'x-timer': 'S1493447309.273070,VS0,VE0',
425 verbose headers   vary: 'Accept-Encoding' }
426 silly get cb [ 200,
426 silly get   { server: 'nginx/1.10.1',
426 silly get     'content-type': 'application/json',
426 silly get     'last-modified': 'Tue, 14 Jul 2015 19:10:57 GMT',
426 silly get     etag: 'W/"55a55ec1-14b4"',
426 silly get     'content-encoding': 'gzip',
426 silly get     'cache-control': 'max-age=300',
426 silly get     'content-length': '1585',
426 silly get     'accept-ranges': 'bytes',
426 silly get     date: 'Sat, 29 Apr 2017 06:28:29 GMT',
426 silly get     via: '1.1 varnish',
426 silly get     age: '161',
426 silly get     connection: 'keep-alive',
426 silly get     'x-served-by': 'cache-nrt6128-NRT',
426 silly get     'x-cache': 'HIT',
426 silly get     'x-cache-hits': '1',
426 silly get     'x-timer': 'S1493447309.273070,VS0,VE0',
426 silly get     vary: 'Accept-Encoding' } ]
427 verbose get saving hash-sum to C:\Users\Administrator\AppData\Roaming\npm-cache\registry.npmjs.org\hash-sum\.cache.json
428 verbose correctMkdir C:\Users\Administrator\AppData\Roaming\npm-cache correctMkdir not in flight; initializing
429 silly resolveWithNewModule hash-sum@1.0.2 checking installable status
430 silly cache add args [ 'hash-sum@^1.0.2', null ]
431 verbose cache add spec hash-sum@^1.0.2
432 silly cache add parsed spec Result {
432 silly cache add   raw: 'hash-sum@^1.0.2',
432 silly cache add   scope: null,
432 silly cache add   escapedName: 'hash-sum',
432 silly cache add   name: 'hash-sum',
432 silly cache add   rawSpec: '^1.0.2',
432 silly cache add   spec: '>=1.0.2 <2.0.0',
432 silly cache add   type: 'range' }
433 silly addNamed hash-sum@>=1.0.2 <2.0.0
434 verbose addNamed ">=1.0.2 <2.0.0" is a valid semver range for hash-sum
435 silly addNameRange { name: 'hash-sum', range: '>=1.0.2 <2.0.0', hasData: false }
436 silly mapToRegistry name hash-sum
437 silly mapToRegistry using default registry
438 silly mapToRegistry registry https://registry.npmjs.org/
439 silly mapToRegistry data Result {
439 silly mapToRegistry   raw: 'hash-sum',
439 silly mapToRegistry   scope: null,
439 silly mapToRegistry   escapedName: 'hash-sum',
439 silly mapToRegistry   name: 'hash-sum',
439 silly mapToRegistry   rawSpec: '',
439 silly mapToRegistry   spec: 'latest',
439 silly mapToRegistry   type: 'tag' }
440 silly mapToRegistry uri https://registry.npmjs.org/hash-sum
441 verbose addNameRange registry:https://registry.npmjs.org/hash-sum not in flight; fetching
442 verbose get https://registry.npmjs.org/hash-sum not expired, no request
443 silly addNameRange number 2 { name: 'hash-sum', range: '>=1.0.2 <2.0.0', hasData: true }
444 silly addNameRange versions [ 'hash-sum', [ '1.0.0', '1.0.1', '1.0.2' ] ]
445 silly addNamed hash-sum@1.0.2
446 verbose addNamed "1.0.2" is a plain semver version for hash-sum
447 silly mapToRegistry name hash-sum
448 silly mapToRegistry using default registry
449 silly mapToRegistry registry https://registry.npmjs.org/
450 silly mapToRegistry data Result {
450 silly mapToRegistry   raw: 'hash-sum',
450 silly mapToRegistry   scope: null,
450 silly mapToRegistry   escapedName: 'hash-sum',
450 silly mapToRegistry   name: 'hash-sum',
450 silly mapToRegistry   rawSpec: '',
450 silly mapToRegistry   spec: 'latest',
450 silly mapToRegistry   type: 'tag' }
451 silly mapToRegistry uri https://registry.npmjs.org/hash-sum
452 verbose addRemoteTarball https://registry.npmjs.org/hash-sum/-/hash-sum-1.0.2.tgz not in flight; adding
453 verbose addRemoteTarball [ 'https://registry.npmjs.org/hash-sum/-/hash-sum-1.0.2.tgz',
453 verbose addRemoteTarball   '33b40777754c6432573c120cc3808bbd10d47f04' ]
454 info retry fetch attempt 1 at 14:26:46
455 info attempt registry request try #1 at 14:26:46
456 http fetch GET https://registry.npmjs.org/hash-sum/-/hash-sum-1.0.2.tgz
457 http fetch 200 https://registry.npmjs.org/consolidate/-/consolidate-0.14.5.tgz
458 silly fetchAndShaCheck shasum 5a25047bc76f73072667c8cb52c989888f494c63
459 verbose addTmpTarball C:\Users\ADMINI~1\AppData\Local\Temp\npm-7280-21f0f8ed\registry.npmjs.org\consolidate\-\consolidate-0.14.5.tgz not in flight; adding
460 verbose addTmpTarball already have metadata; skipping unpack for consolidate@0.14.5
461 verbose correctMkdir C:\Users\Administrator\AppData\Roaming\npm-cache correctMkdir not in flight; initializing
462 silly cache afterAdd consolidate@0.14.5
463 verbose afterAdd C:\Users\Administrator\AppData\Roaming\npm-cache\consolidate\0.14.5\package\package.json not in flight; writing
464 verbose correctMkdir C:\Users\Administrator\AppData\Roaming\npm-cache correctMkdir not in flight; initializing
465 verbose afterAdd C:\Users\Administrator\AppData\Roaming\npm-cache\consolidate\0.14.5\package\package.json written
466 http fetch 200 https://registry.npmjs.org/hash-sum/-/hash-sum-1.0.2.tgz
467 silly fetchAndShaCheck shasum 33b40777754c6432573c120cc3808bbd10d47f04
468 verbose addTmpTarball C:\Users\ADMINI~1\AppData\Local\Temp\npm-7280-21f0f8ed\registry.npmjs.org\hash-sum\-\hash-sum-1.0.2.tgz not in flight; adding
469 verbose addTmpTarball already have metadata; skipping unpack for hash-sum@1.0.2
470 verbose correctMkdir C:\Users\Administrator\AppData\Roaming\npm-cache correctMkdir not in flight; initializing
471 silly cache afterAdd hash-sum@1.0.2
472 verbose afterAdd C:\Users\Administrator\AppData\Roaming\npm-cache\hash-sum\1.0.2\package\package.json not in flight; writing
473 verbose correctMkdir C:\Users\Administrator\AppData\Roaming\npm-cache correctMkdir not in flight; initializing
474 verbose afterAdd C:\Users\Administrator\AppData\Roaming\npm-cache\hash-sum\1.0.2\package\package.json written
475 http 200 https://registry.npmjs.org/postcss-load-config
476 verbose headers { server: 'nginx/1.10.3',
476 verbose headers   'content-type': 'application/json',
476 verbose headers   'last-modified': 'Sun, 09 Apr 2017 06:18:43 GMT',
476 verbose headers   etag: 'W/"58e9d243-70e8"',
476 verbose headers   'content-encoding': 'gzip',
476 verbose headers   'cache-control': 'max-age=300',
476 verbose headers   'content-length': '5387',
476 verbose headers   'accept-ranges': 'bytes',
476 verbose headers   date: 'Sat, 29 Apr 2017 06:28:29 GMT',
476 verbose headers   via: '1.1 varnish',
476 verbose headers   age: '35',
476 verbose headers   connection: 'keep-alive',
476 verbose headers   'x-served-by': 'cache-nrt6123-NRT',
476 verbose headers   'x-cache': 'HIT',
476 verbose headers   'x-cache-hits': '1',
476 verbose headers   'x-timer': 'S1493447309.299262,VS0,VE0',
476 verbose headers   vary: 'Accept-Encoding' }
477 silly get cb [ 200,
477 silly get   { server: 'nginx/1.10.3',
477 silly get     'content-type': 'application/json',
477 silly get     'last-modified': 'Sun, 09 Apr 2017 06:18:43 GMT',
477 silly get     etag: 'W/"58e9d243-70e8"',
477 silly get     'content-encoding': 'gzip',
477 silly get     'cache-control': 'max-age=300',
477 silly get     'content-length': '5387',
477 silly get     'accept-ranges': 'bytes',
477 silly get     date: 'Sat, 29 Apr 2017 06:28:29 GMT',
477 silly get     via: '1.1 varnish',
477 silly get     age: '35',
477 silly get     connection: 'keep-alive',
477 silly get     'x-served-by': 'cache-nrt6123-NRT',
477 silly get     'x-cache': 'HIT',
477 silly get     'x-cache-hits': '1',
477 silly get     'x-timer': 'S1493447309.299262,VS0,VE0',
477 silly get     vary: 'Accept-Encoding' } ]
478 verbose get saving postcss-load-config to C:\Users\Administrator\AppData\Roaming\npm-cache\registry.npmjs.org\postcss-load-config\.cache.json
479 verbose correctMkdir C:\Users\Administrator\AppData\Roaming\npm-cache correctMkdir not in flight; initializing
480 silly resolveWithNewModule postcss-load-config@1.2.0 checking installable status
481 silly cache add args [ 'postcss-load-config@^1.1.0', null ]
482 verbose cache add spec postcss-load-config@^1.1.0
483 silly cache add parsed spec Result {
483 silly cache add   raw: 'postcss-load-config@^1.1.0',
483 silly cache add   scope: null,
483 silly cache add   escapedName: 'postcss-load-config',
483 silly cache add   name: 'postcss-load-config',
483 silly cache add   rawSpec: '^1.1.0',
483 silly cache add   spec: '>=1.1.0 <2.0.0',
483 silly cache add   type: 'range' }
484 silly addNamed postcss-load-config@>=1.1.0 <2.0.0
485 verbose addNamed ">=1.1.0 <2.0.0" is a valid semver range for postcss-load-config
486 silly addNameRange { name: 'postcss-load-config',
486 silly addNameRange   range: '>=1.1.0 <2.0.0',
486 silly addNameRange   hasData: false }
487 silly mapToRegistry name postcss-load-config
488 silly mapToRegistry using default registry
489 silly mapToRegistry registry https://registry.npmjs.org/
490 silly mapToRegistry data Result {
490 silly mapToRegistry   raw: 'postcss-load-config',
490 silly mapToRegistry   scope: null,
490 silly mapToRegistry   escapedName: 'postcss-load-config',
490 silly mapToRegistry   name: 'postcss-load-config',
490 silly mapToRegistry   rawSpec: '',
490 silly mapToRegistry   spec: 'latest',
490 silly mapToRegistry   type: 'tag' }
491 silly mapToRegistry uri https://registry.npmjs.org/postcss-load-config
492 verbose addNameRange registry:https://registry.npmjs.org/postcss-load-config not in flight; fetching
493 verbose get https://registry.npmjs.org/postcss-load-config not expired, no request
494 silly addNameRange number 2 { name: 'postcss-load-config',
494 silly addNameRange   range: '>=1.1.0 <2.0.0',
494 silly addNameRange   hasData: true }
495 silly addNameRange versions [ 'postcss-load-config',
495 silly addNameRange   [ '1.0.0-alpha',
495 silly addNameRange     '1.0.0-alpha2',
495 silly addNameRange     '1.0.0-alpha3',
495 silly addNameRange     '1.0.0-alpha4',
495 silly addNameRange     '1.0.0-beta',
495 silly addNameRange     '1.0.0-rc',
495 silly addNameRange     '1.0.0',
495 silly addNameRange     '1.1.0',
495 silly addNameRange     '1.2.0' ] ]
496 silly addNamed postcss-load-config@1.2.0
497 verbose addNamed "1.2.0" is a plain semver version for postcss-load-config
498 silly cache afterAdd postcss-load-config@1.2.0
499 verbose afterAdd C:\Users\Administrator\AppData\Roaming\npm-cache\postcss-load-config\1.2.0\package\package.json not in flight; writing
500 verbose correctMkdir C:\Users\Administrator\AppData\Roaming\npm-cache correctMkdir not in flight; initializing
501 verbose afterAdd C:\Users\Administrator\AppData\Roaming\npm-cache\postcss-load-config\1.2.0\package\package.json written
502 silly fetchAndShaCheck shasum a0a6c50c941d2a4abda963f2f42c337ac450ee95
503 verbose addTmpTarball C:\Users\ADMINI~1\AppData\Local\Temp\npm-7280-21f0f8ed\registry.npmjs.org\vue-template-es2015-compiler\-\vue-template-es2015-compiler-1.5.2.tgz not in flight; adding
504 verbose addTmpTarball already have metadata; skipping unpack for vue-template-es2015-compiler@1.5.2
505 verbose correctMkdir C:\Users\Administrator\AppData\Roaming\npm-cache correctMkdir not in flight; initializing
506 silly cache afterAdd vue-template-es2015-compiler@1.5.2
507 verbose afterAdd C:\Users\Administrator\AppData\Roaming\npm-cache\vue-template-es2015-compiler\1.5.2\package\package.json not in flight; writing
508 verbose correctMkdir C:\Users\Administrator\AppData\Roaming\npm-cache correctMkdir not in flight; initializing
509 verbose afterAdd C:\Users\Administrator\AppData\Roaming\npm-cache\vue-template-es2015-compiler\1.5.2\package\package.json written
510 silly fetchAndShaCheck shasum 78b75933505d376da6e5a28e9b7887e0094db8b5
511 verbose addTmpTarball C:\Users\ADMINI~1\AppData\Local\Temp\npm-7280-21f0f8ed\registry.npmjs.org\js-beautify\-\js-beautify-1.6.12.tgz not in flight; adding
512 verbose addTmpTarball already have metadata; skipping unpack for js-beautify@1.6.12
513 verbose correctMkdir C:\Users\Administrator\AppData\Roaming\npm-cache correctMkdir not in flight; initializing
514 silly cache afterAdd js-beautify@1.6.12
515 verbose afterAdd C:\Users\Administrator\AppData\Roaming\npm-cache\js-beautify\1.6.12\package\package.json not in flight; writing
516 verbose correctMkdir C:\Users\Administrator\AppData\Roaming\npm-cache correctMkdir not in flight; initializing
517 verbose afterAdd C:\Users\Administrator\AppData\Roaming\npm-cache\js-beautify\1.6.12\package\package.json written
518 silly fetchNamedPackageData bluebird
519 silly mapToRegistry name bluebird
520 silly mapToRegistry using default registry
521 silly mapToRegistry registry https://registry.npmjs.org/
522 silly mapToRegistry data Result {
522 silly mapToRegistry   raw: 'bluebird',
522 silly mapToRegistry   scope: null,
522 silly mapToRegistry   escapedName: 'bluebird',
522 silly mapToRegistry   name: 'bluebird',
522 silly mapToRegistry   rawSpec: '',
522 silly mapToRegistry   spec: 'latest',
522 silly mapToRegistry   type: 'tag' }
523 silly mapToRegistry uri https://registry.npmjs.org/bluebird
524 verbose request uri https://registry.npmjs.org/bluebird
525 verbose request no auth needed
526 info attempt registry request try #1 at 14:28:45
527 http request GET https://registry.npmjs.org/bluebird
528 http 200 https://registry.npmjs.org/bluebird
529 verbose headers { server: 'nginx/1.10.3',
529 verbose headers   'content-type': 'application/json',
529 verbose headers   'last-modified': 'Fri, 28 Apr 2017 14:20:30 GMT',
529 verbose headers   etag: 'W/"59034fae-6036a"',
529 verbose headers   'content-encoding': 'gzip',
529 verbose headers   'cache-control': 'max-age=300',
529 verbose headers   'content-length': '26491',
529 verbose headers   'accept-ranges': 'bytes',
529 verbose headers   date: 'Sat, 29 Apr 2017 06:30:29 GMT',
529 verbose headers   via: '1.1 varnish',
529 verbose headers   age: '69',
529 verbose headers   connection: 'keep-alive',
529 verbose headers   'x-served-by': 'cache-nrt6120-NRT',
529 verbose headers   'x-cache': 'HIT',
529 verbose headers   'x-cache-hits': '1',
529 verbose headers   'x-timer': 'S1493447429.042047,VS0,VE0',
529 verbose headers   vary: 'Accept-Encoding' }
530 silly get cb [ 200,
530 silly get   { server: 'nginx/1.10.3',
530 silly get     'content-type': 'application/json',
530 silly get     'last-modified': 'Fri, 28 Apr 2017 14:20:30 GMT',
530 silly get     etag: 'W/"59034fae-6036a"',
530 silly get     'content-encoding': 'gzip',
530 silly get     'cache-control': 'max-age=300',
530 silly get     'content-length': '26491',
530 silly get     'accept-ranges': 'bytes',
530 silly get     date: 'Sat, 29 Apr 2017 06:30:29 GMT',
530 silly get     via: '1.1 varnish',
530 silly get     age: '69',
530 silly get     connection: 'keep-alive',
530 silly get     'x-served-by': 'cache-nrt6120-NRT',
530 silly get     'x-cache': 'HIT',
530 silly get     'x-cache-hits': '1',
530 silly get     'x-timer': 'S1493447429.042047,VS0,VE0',
530 silly get     vary: 'Accept-Encoding' } ]
531 verbose get saving bluebird to C:\Users\Administrator\AppData\Roaming\npm-cache\registry.npmjs.org\bluebird\.cache.json
532 verbose correctMkdir C:\Users\Administrator\AppData\Roaming\npm-cache correctMkdir not in flight; initializing
533 silly resolveWithNewModule bluebird@3.5.0 checking installable status
534 silly cache add args [ 'bluebird@^3.1.1', null ]
535 verbose cache add spec bluebird@^3.1.1
536 silly cache add parsed spec Result {
536 silly cache add   raw: 'bluebird@^3.1.1',
536 silly cache add   scope: null,
536 silly cache add   escapedName: 'bluebird',
536 silly cache add   name: 'bluebird',
536 silly cache add   rawSpec: '^3.1.1',
536 silly cache add   spec: '>=3.1.1 <4.0.0',
536 silly cache add   type: 'range' }
537 silly addNamed bluebird@>=3.1.1 <4.0.0
538 verbose addNamed ">=3.1.1 <4.0.0" is a valid semver range for bluebird
539 silly addNameRange { name: 'bluebird', range: '>=3.1.1 <4.0.0', hasData: false }
540 silly mapToRegistry name bluebird
541 silly mapToRegistry using default registry
542 silly mapToRegistry registry https://registry.npmjs.org/
543 silly mapToRegistry data Result {
543 silly mapToRegistry   raw: 'bluebird',
543 silly mapToRegistry   scope: null,
543 silly mapToRegistry   escapedName: 'bluebird',
543 silly mapToRegistry   name: 'bluebird',
543 silly mapToRegistry   rawSpec: '',
543 silly mapToRegistry   spec: 'latest',
543 silly mapToRegistry   type: 'tag' }
544 silly mapToRegistry uri https://registry.npmjs.org/bluebird
545 verbose addNameRange registry:https://registry.npmjs.org/bluebird not in flight; fetching
546 verbose get https://registry.npmjs.org/bluebird not expired, no request
547 silly addNameRange number 2 { name: 'bluebird', range: '>=3.1.1 <4.0.0', hasData: true }
548 silly addNameRange versions [ 'bluebird',
548 silly addNameRange   [ '0.7.1-1',
548 silly addNameRange     '0.7.1-2',
548 silly addNameRange     '0.7.1-3',
548 silly addNameRange     '0.7.1-4',
548 silly addNameRange     '0.7.1-5',
548 silly addNameRange     '0.7.2-0',
548 silly addNameRange     '0.7.3-0',
548 silly addNameRange     '0.7.4-0',
548 silly addNameRange     '0.7.4-1',
548 silly addNameRange     '0.7.5-0',
548 silly addNameRange     '0.7.6-0',
548 silly addNameRange     '0.7.7-0',
548 silly addNameRange     '0.7.7-1',
548 silly addNameRange     '0.7.8-0',
548 silly addNameRange     '0.7.8-1',
548 silly addNameRange     '0.7.9-0',
548 silly addNameRange     '0.7.9-1',
548 silly addNameRange     '0.7.10-0',
548 silly addNameRange     '0.7.10-1',
548 silly addNameRange     '0.7.11-0',
548 silly addNameRange     '0.7.12-0',
548 silly addNameRange     '0.7.12-1',
548 silly addNameRange     '0.7.12-2',
548 silly addNameRange     '0.8.0-0',
548 silly addNameRange     '0.8.0-1',
548 silly addNameRange     '0.8.0-2',
548 silly addNameRange     '0.8.0-3',
548 silly addNameRange     '0.8.1-0',
548 silly addNameRange     '0.8.2-0',
548 silly addNameRange     '0.8.2-1',
548 silly addNameRange     '0.8.2-2',
548 silly addNameRange     '0.8.3-0',
548 silly addNameRange     '0.8.3-1',
548 silly addNameRange     '0.8.3-2',
548 silly addNameRange     '0.8.3-3',
548 silly addNameRange     '0.8.4-0',
548 silly addNameRange     '0.8.4-1',
548 silly addNameRange     '0.8.5-0',
548 silly addNameRange     '0.8.5-1',
548 silly addNameRange     '0.9.0-0',
548 silly addNameRange     '0.9.1-0',
548 silly addNameRange     '0.9.1-1',
548 silly addNameRange     '0.9.2-0',
548 silly addNameRange     '0.9.2-1',
548 silly addNameRange     '0.9.3-0',
548 silly addNameRange     '0.9.4-0',
548 silly addNameRange     '0.9.4-1',
548 silly addNameRange     '0.9.5-0',
548 silly addNameRange     '0.9.6-0',
548 silly addNameRange     '0.9.7-0',
548 silly addNameRange     '0.9.8-0',
548 silly addNameRange     '0.9.9-0',
548 silly addNameRange     '0.9.10-0',
548 silly addNameRange     '0.9.10-1',
548 silly addNameRange     '0.9.11-0',
548 silly addNameRange     '0.9.11-1',
548 silly addNameRange     '0.10.0-0',
548 silly addNameRange     '0.10.0-1',
548 silly addNameRange     '0.10.1-0',
548 silly addNameRange     '0.10.2-0',
548 silly addNameRange     '0.10.2-1',
548 silly addNameRange     '0.10.3-0',
548 silly addNameRange     '0.10.4-0',
548 silly addNameRange     '0.10.4-1',
548 silly addNameRange     '0.10.5-0',
548 silly addNameRange     '0.10.6-0',
548 silly addNameRange     '0.10.7-0',
548 silly addNameRange     '0.10.8-0',
548 silly addNameRange     '0.10.9-0',
548 silly addNameRange     '0.10.9-1',
548 silly addNameRange     '0.10.10-0',
548 silly addNameRange     '0.10.11-0',
548 silly addNameRange     '0.10.11-1',
548 silly addNameRange     '0.10.11-2',
548 silly addNameRange     '0.10.11-4',
548 silly addNameRange     '0.10.12-0',
548 silly addNameRange     '0.10.13-0',
548 silly addNameRange     '0.10.13-1',
548 silly addNameRange     '0.10.14-0',
548 silly addNameRange     '0.11.0-0',
548 silly addNameRange     '0.11.1-0',
548 silly addNameRange     '0.11.2-0',
548 silly addNameRange     '0.11.3-0',
548 silly addNameRange     '0.11.4-0',
548 silly addNameRange     '0.11.4-1',
548 silly addNameRange     '0.11.5-0',
548 silly addNameRange     '0.11.5-1',
548 silly addNameRange     '0.11.6-0',
548 silly addNameRange     '1.0.0',
548 silly addNameRange     '1.0.1',
548 silly addNameRange     '1.0.2',
548 silly addNameRange     '1.0.3',
548 silly addNameRange     '1.0.4',
548 silly addNameRange     '1.0.5',
548 silly addNameRange     '1.0.7',
548 silly addNameRange     '1.0.8',
548 silly addNameRange     '1.1.0',
548 silly addNameRange     '1.1.1',
548 silly addNameRange     '1.2.0',
548 silly addNameRange     '1.2.1',
548 silly addNameRange     ... 114 more items ] ]
549 silly addNamed bluebird@3.5.0
550 verbose addNamed "3.5.0" is a plain semver version for bluebird
551 silly mapToRegistry name bluebird
552 silly mapToRegistry using default registry
553 silly mapToRegistry registry https://registry.npmjs.org/
554 silly mapToRegistry data Result {
554 silly mapToRegistry   raw: 'bluebird',
554 silly mapToRegistry   scope: null,
554 silly mapToRegistry   escapedName: 'bluebird',
554 silly mapToRegistry   name: 'bluebird',
554 silly mapToRegistry   rawSpec: '',
554 silly mapToRegistry   spec: 'latest',
554 silly mapToRegistry   type: 'tag' }
555 silly mapToRegistry uri https://registry.npmjs.org/bluebird
556 verbose addRemoteTarball https://registry.npmjs.org/bluebird/-/bluebird-3.5.0.tgz not in flight; adding
557 verbose addRemoteTarball [ 'https://registry.npmjs.org/bluebird/-/bluebird-3.5.0.tgz',
557 verbose addRemoteTarball   '791420d7f551eea2897453a8a77653f96606d67c' ]
558 info retry fetch attempt 1 at 14:28:46
559 info attempt registry request try #1 at 14:28:46
560 http fetch GET https://registry.npmjs.org/bluebird/-/bluebird-3.5.0.tgz
561 http fetch 200 https://registry.npmjs.org/bluebird/-/bluebird-3.5.0.tgz
562 info retry will retry, error on last attempt: Error: read ECONNRESET
563 silly fetchAndShaCheck shasum 791420d7f551eea2897453a8a77653f96606d67c
564 silly rollbackFailedOptional Starting
565 silly rollbackFailedOptional Finishing
566 silly runTopLevelLifecycles Finishing
567 silly install printInstalled
568 verbose stack Error: shasum check failed for C:\Users\ADMINI~1\AppData\Local\Temp\npm-7280-21f0f8ed\registry.npmjs.org\bluebird\-\bluebird-3.5.0.tgz
568 verbose stack Expected: 791420d7f551eea2897453a8a77653f96606d67c
568 verbose stack Actual:   288472bfc95b694e74730b4d2a642a84709d5627
568 verbose stack From:     https://registry.npmjs.org/bluebird/-/bluebird-3.5.0.tgz
568 verbose stack     at C:\Program Files\nodejs\node_modules\npm\node_modules\sha\index.js:25:8
568 verbose stack     at ReadStream.<anonymous> (C:\Program Files\nodejs\node_modules\npm\node_modules\sha\index.js:72:7)
568 verbose stack     at emitNone (events.js:91:20)
568 verbose stack     at ReadStream.emit (events.js:185:7)
568 verbose stack     at endReadableNT (_stream_readable.js:974:12)
568 verbose stack     at _combinedTickCallback (internal/process/next_tick.js:74:11)
568 verbose stack     at process._tickCallback (internal/process/next_tick.js:98:9)
569 verbose cwd F:\my-learn\vue-learn
570 error Windows_NT 10.0.14393
571 error argv "C:\\Program Files\\nodejs\\node.exe" "C:\\Program Files\\nodejs\\node_modules\\npm\\bin\\npm-cli.js" "install" "vue-loader" "--save-dev"
572 error node v6.9.4
573 error npm  v3.10.10
574 error shasum check failed for C:\Users\ADMINI~1\AppData\Local\Temp\npm-7280-21f0f8ed\registry.npmjs.org\bluebird\-\bluebird-3.5.0.tgz
574 error Expected: 791420d7f551eea2897453a8a77653f96606d67c
574 error Actual:   288472bfc95b694e74730b4d2a642a84709d5627
574 error From:     https://registry.npmjs.org/bluebird/-/bluebird-3.5.0.tgz
575 error If you need help, you may report this error at:
575 error     <https://github.com/npm/npm/issues>
576 verbose exit [ 1, true ]
